<?xml version="1.0" encoding="UTF-8"?>
<testsuite xmlns:xsi="http://www.w3.org/2001/XMLSchema-instance" xsi:noNamespaceSchemaLocation="https://maven.apache.org/surefire/maven-surefire-plugin/xsd/surefire-test-report.xsd" name="JUnit Vintage" time="0.005" tests="1" errors="0" skipped="0" failures="0">
  <properties>
    <property name="sun.desktop" value="windows"/>
    <property name="awt.toolkit" value="sun.awt.windows.WToolkit"/>
    <property name="java.specification.version" value="11"/>
    <property name="sun.cpu.isalist" value="amd64"/>
    <property name="sun.jnu.encoding" value="Cp1252"/>
    <property name="java.class.path" value="G:\PetProjects\MUD\mud-command-tokenizer\target\test-classes;G:\PetProjects\MUD\mud-command-tokenizer\target\classes;C:\Users\enotu\.m2\repository\org\kie\kogito\kogito-quarkus\1.5.0.Final\kogito-quarkus-1.5.0.Final.jar;C:\Users\enotu\.m2\repository\org\kie\kogito\kogito-quarkus-common\1.5.0.Final\kogito-quarkus-common-1.5.0.Final.jar;C:\Users\enotu\.m2\repository\org\mvel\mvel2\2.4.12.Final\mvel2-2.4.12.Final.jar;C:\Users\enotu\.m2\repository\com\jayway\jsonpath\json-path\2.4.0\json-path-2.4.0.jar;C:\Users\enotu\.m2\repository\net\minidev\json-smart\2.3\json-smart-2.3.jar;C:\Users\enotu\.m2\repository\net\minidev\accessors-smart\1.2\accessors-smart-1.2.jar;C:\Users\enotu\.m2\repository\io\quarkus\arc\arc-processor\1.11.5.Final\arc-processor-1.11.5.Final.jar;C:\Users\enotu\.m2\repository\io\quarkus\gizmo\gizmo\1.0.6.Final\gizmo-1.0.6.Final.jar;C:\Users\enotu\.m2\repository\org\ow2\asm\asm-util\9.0\asm-util-9.0.jar;C:\Users\enotu\.m2\repository\org\ow2\asm\asm-tree\9.0\asm-tree-9.0.jar;C:\Users\enotu\.m2\repository\org\ow2\asm\asm-analysis\9.0\asm-analysis-9.0.jar;C:\Users\enotu\.m2\repository\io\quarkus\quarkus-undertow\1.11.5.Final\quarkus-undertow-1.11.5.Final.jar;C:\Users\enotu\.m2\repository\io\quarkus\http\quarkus-http-servlet\3.0.18.Final\quarkus-http-servlet-3.0.18.Final.jar;C:\Users\enotu\.m2\repository\jakarta\servlet\jakarta.servlet-api\4.0.3\jakarta.servlet-api-4.0.3.jar;C:\Users\enotu\.m2\repository\io\quarkus\http\quarkus-http-vertx-backend\3.0.18.Final\quarkus-http-vertx-backend-3.0.18.Final.jar;C:\Users\enotu\.m2\repository\io\quarkus\http\quarkus-http-http-core\3.0.18.Final\quarkus-http-http-core-3.0.18.Final.jar;C:\Users\enotu\.m2\repository\io\quarkus\http\quarkus-http-core\3.0.18.Final\quarkus-http-core-3.0.18.Final.jar;C:\Users\enotu\.m2\repository\io\netty\netty-codec-http\4.1.49.Final\netty-codec-http-4.1.49.Final.jar;C:\Users\enotu\.m2\repository\org\kie\kogito\kogito-api\1.5.0.Final\kogito-api-1.5.0.Final.jar;C:\Users\enotu\.m2\repository\org\kie\kie-dmn-api\7.52.0.Final\kie-dmn-api-7.52.0.Final.jar;C:\Users\enotu\.m2\repository\org\kie\kogito\kogito-timer\1.5.0.Final\kogito-timer-1.5.0.Final.jar;C:\Users\enotu\.m2\repository\org\kie\kie-pmml-evaluator-api\7.52.0.Final\kie-pmml-evaluator-api-7.52.0.Final.jar;C:\Users\enotu\.m2\repository\org\kie\kie-pmml-commons\7.52.0.Final\kie-pmml-commons-7.52.0.Final.jar;C:\Users\enotu\.m2\repository\jakarta\annotation\jakarta.annotation-api\1.3.5\jakarta.annotation-api-1.3.5.jar;C:\Users\enotu\.m2\repository\org\kie\kogito\kogito-quarkus-rules\1.5.0.Final\kogito-quarkus-rules-1.5.0.Final.jar;C:\Users\enotu\.m2\repository\org\kie\kogito\kogito-quarkus-decisions\1.5.0.Final\kogito-quarkus-decisions-1.5.0.Final.jar;C:\Users\enotu\.m2\repository\org\kie\kogito\kogito-quarkus-predictions\1.5.0.Final\kogito-quarkus-predictions-1.5.0.Final.jar;C:\Users\enotu\.m2\repository\org\kie\kogito\jbpm-bpmn2\1.5.0.Final\jbpm-bpmn2-1.5.0.Final.jar;C:\Users\enotu\.m2\repository\org\kie\kogito\drools-compiler\1.5.0.Final\drools-compiler-1.5.0.Final.jar;C:\Users\enotu\.m2\repository\org\drools\drools-compiler\7.52.0.Final\drools-compiler-7.52.0.Final.jar;C:\Users\enotu\.m2\repository\org\drools\drools-ecj\7.52.0.Final\drools-ecj-7.52.0.Final.jar;C:\Users\enotu\.m2\repository\org\antlr\antlr-runtime\3.5.2\antlr-runtime-3.5.2.jar;C:\Users\enotu\.m2\repository\org\kie\kogito\drools-core\1.5.0.Final\drools-core-1.5.0.Final.jar;C:\Users\enotu\.m2\repository\org\drools\drools-core\7.52.0.Final\drools-core-7.52.0.Final.jar;C:\Users\enotu\.m2\repository\org\kie\soup\kie-soup-xstream\7.52.0.Final\kie-soup-xstream-7.52.0.Final.jar;C:\Users\enotu\.m2\repository\org\kie\kogito\kogito-services\1.5.0.Final\kogito-services-1.5.0.Final.jar;C:\Users\enotu\.m2\repository\org\kie\kogito\drools-core-static\1.5.0.Final\drools-core-static-1.5.0.Final.jar;C:\Users\enotu\.m2\repository\org\kie\kogito\jbpm-flow-builder\1.5.0.Final\jbpm-flow-builder-1.5.0.Final.jar;C:\Users\enotu\.m2\repository\com\github\javaparser\javaparser-core\3.13.10\javaparser-core-3.13.10.jar;C:\Users\enotu\.m2\repository\org\kie\kogito\jbpm-flow\1.5.0.Final\jbpm-flow-1.5.0.Final.jar;C:\Users\enotu\.m2\repository\org\kie\kogito\kogito-events-api\1.5.0.Final\kogito-events-api-1.5.0.Final.jar;C:\Users\enotu\.m2\repository\org\reactivestreams\reactive-streams\1.0.3\reactive-streams-1.0.3.jar;C:\Users\enotu\.m2\repository\org\kie\kogito\process-workitems\1.5.0.Final\process-workitems-1.5.0.Final.jar;C:\Users\enotu\.m2\repository\org\drools\drools-mvel\7.52.0.Final\drools-mvel-7.52.0.Final.jar;C:\Users\enotu\.m2\repository\org\kie\soup\kie-soup-project-datamodel-commons\7.52.0.Final\kie-soup-project-datamodel-commons-7.52.0.Final.jar;C:\Users\enotu\.m2\repository\org\kie\soup\kie-soup-commons\7.52.0.Final\kie-soup-commons-7.52.0.Final.jar;C:\Users\enotu\.m2\repository\org\kie\soup\kie-soup-project-datamodel-api\7.52.0.Final\kie-soup-project-datamodel-api-7.52.0.Final.jar;C:\Users\enotu\.m2\repository\org\slf4j\slf4j-api\1.7.30\slf4j-api-1.7.30.jar;C:\Users\enotu\.m2\repository\org\kie\kogito\jbpm-serverless-workflow\1.5.0.Final\jbpm-serverless-workflow-1.5.0.Final.jar;C:\Users\enotu\.m2\repository\org\kie\kogito\kogito-rest-workitem\1.5.0.Final\kogito-rest-workitem-1.5.0.Final.jar;C:\Users\enotu\.m2\repository\io\smallrye\reactive\smallrye-mutiny-vertx-web-client\1.3.0\smallrye-mutiny-vertx-web-client-1.3.0.jar;C:\Users\enotu\.m2\repository\io\vertx\vertx-web-client\3.9.5\vertx-web-client-3.9.5.jar;C:\Users\enotu\.m2\repository\io\smallrye\reactive\smallrye-mutiny-vertx-core\1.3.0\smallrye-mutiny-vertx-core-1.3.0.jar;C:\Users\enotu\.m2\repository\io\smallrye\reactive\smallrye-mutiny-vertx-runtime\1.3.0\smallrye-mutiny-vertx-runtime-1.3.0.jar;C:\Users\enotu\.m2\repository\io\smallrye\reactive\vertx-mutiny-generator\1.3.0\vertx-mutiny-generator-1.3.0.jar;C:\Users\enotu\.m2\repository\io\vertx\vertx-codegen\3.9.5\vertx-codegen-3.9.5.jar;C:\Users\enotu\.m2\repository\io\smallrye\reactive\smallrye-mutiny-vertx-web-common\1.3.0\smallrye-mutiny-vertx-web-common-1.3.0.jar;C:\Users\enotu\.m2\repository\org\kie\kogito\kogito-openapi-workitem\1.5.0.Final\kogito-openapi-workitem-1.5.0.Final.jar;C:\Users\enotu\.m2\repository\org\openapitools\jackson-databind-nullable\0.2.0\jackson-databind-nullable-0.2.0.jar;C:\Users\enotu\.m2\repository\javax\validation\validation-api\2.0.1.Final\validation-api-2.0.1.Final.jar;C:\Users\enotu\.m2\repository\io\serverlessworkflow\serverlessworkflow-api\2.0.0.Final\serverlessworkflow-api-2.0.0.Final.jar;C:\Users\enotu\.m2\repository\org\slf4j\jcl-over-slf4j\1.7.30\jcl-over-slf4j-1.7.30.jar;C:\Users\enotu\.m2\repository\org\json\json\20200518\json-20200518.jar;C:\Users\enotu\.m2\repository\com\github\erosb\everit-json-schema\1.12.1\everit-json-schema-1.12.1.jar;C:\Users\enotu\.m2\repository\commons-validator\commons-validator\1.6\commons-validator-1.6.jar;C:\Users\enotu\.m2\repository\commons-digester\commons-digester\1.8.1\commons-digester-1.8.1.jar;C:\Users\enotu\.m2\repository\commons-collections\commons-collections\3.2.2\commons-collections-3.2.2.jar;C:\Users\enotu\.m2\repository\com\damnhandy\handy-uri-templates\2.1.8\handy-uri-templates-2.1.8.jar;C:\Users\enotu\.m2\repository\joda-time\joda-time\2.10.2\joda-time-2.10.2.jar;C:\Users\enotu\.m2\repository\com\google\re2j\re2j\1.3\re2j-1.3.jar;C:\Users\enotu\.m2\repository\io\serverlessworkflow\serverlessworkflow-spi\2.0.0.Final\serverlessworkflow-spi-2.0.0.Final.jar;C:\Users\enotu\.m2\repository\io\serverlessworkflow\serverlessworkflow-validation\2.0.0.Final\serverlessworkflow-validation-2.0.0.Final.jar;C:\Users\enotu\.m2\repository\io\serverlessworkflow\serverlessworkflow-diagram\2.0.0.Final\serverlessworkflow-diagram-2.0.0.Final.jar;C:\Users\enotu\.m2\repository\org\thymeleaf\thymeleaf\3.0.11.RELEASE\thymeleaf-3.0.11.RELEASE.jar;C:\Users\enotu\.m2\repository\ognl\ognl\3.1.12\ognl-3.1.12.jar;C:\Users\enotu\.m2\repository\org\javassist\javassist\3.20.0-GA\javassist-3.20.0-GA.jar;C:\Users\enotu\.m2\repository\org\attoparser\attoparser\2.0.5.RELEASE\attoparser-2.0.5.RELEASE.jar;C:\Users\enotu\.m2\repository\org\unbescape\unbescape\1.1.6.RELEASE\unbescape-1.1.6.RELEASE.jar;C:\Users\enotu\.m2\repository\net\sourceforge\plantuml\plantuml\8059\plantuml-8059.jar;C:\Users\enotu\.m2\repository\guru\nidi\graphviz-java\0.17.0\graphviz-java-0.17.0.jar;C:\Users\enotu\.m2\repository\org\webjars\npm\viz.js-for-graphviz-java\2.1.3\viz.js-for-graphviz-java-2.1.3.jar;C:\Users\enotu\.m2\repository\guru\nidi\com\kitfox\svgSalamander\1.1.3\svgSalamander-1.1.3.jar;C:\Users\enotu\.m2\repository\net\arnx\nashorn-promise\0.1.1\nashorn-promise-0.1.1.jar;C:\Users\enotu\.m2\repository\org\apache\commons\commons-exec\1.3\commons-exec-1.3.jar;C:\Users\enotu\.m2\repository\com\google\code\findbugs\jsr305\3.0.2\jsr305-3.0.2.jar;C:\Users\enotu\.m2\repository\org\slf4j\jul-to-slf4j\1.7.30\jul-to-slf4j-1.7.30.jar;C:\Users\enotu\.m2\repository\com\eclipsesource\j2v8\j2v8_win32_x86_64\4.6.0\j2v8_win32_x86_64-4.6.0.jar;C:\Users\enotu\.m2\repository\org\kie\kogito\process-serialization-protobuf\1.5.0.Final\process-serialization-protobuf-1.5.0.Final.jar;C:\Users\enotu\.m2\repository\com\google\protobuf\protobuf-java\3.14.0\protobuf-java-3.14.0.jar;C:\Users\enotu\.m2\repository\org\drools\drools-serialization-protobuf\7.52.0.Final\drools-serialization-protobuf-7.52.0.Final.jar;C:\Users\enotu\.m2\repository\io\quarkus\quarkus-resteasy\1.11.5.Final\quarkus-resteasy-1.11.5.Final.jar;C:\Users\enotu\.m2\repository\io\quarkus\quarkus-vertx-http\1.11.5.Final\quarkus-vertx-http-1.11.5.Final.jar;C:\Users\enotu\.m2\repository\io\quarkus\quarkus-security-runtime-spi\1.11.5.Final\quarkus-security-runtime-spi-1.11.5.Final.jar;C:\Users\enotu\.m2\repository\io\quarkus\quarkus-vertx-http-dev-console-runtime-spi\1.11.5.Final\quarkus-vertx-http-dev-console-runtime-spi-1.11.5.Final.jar;C:\Users\enotu\.m2\repository\io\quarkus\security\quarkus-security\1.1.3.Final\quarkus-security-1.1.3.Final.jar;C:\Users\enotu\.m2\repository\io\smallrye\reactive\mutiny\0.12.5\mutiny-0.12.5.jar;C:\Users\enotu\.m2\repository\io\quarkus\quarkus-vertx-core\1.11.5.Final\quarkus-vertx-core-1.11.5.Final.jar;C:\Users\enotu\.m2\repository\io\quarkus\quarkus-netty\1.11.5.Final\quarkus-netty-1.11.5.Final.jar;C:\Users\enotu\.m2\repository\io\netty\netty-codec\4.1.49.Final\netty-codec-4.1.49.Final.jar;C:\Users\enotu\.m2\repository\io\netty\netty-handler\4.1.49.Final\netty-handler-4.1.49.Final.jar;C:\Users\enotu\.m2\repository\io\vertx\vertx-core\3.9.5\vertx-core-3.9.5.jar;C:\Users\enotu\.m2\repository\io\netty\netty-common\4.1.49.Final\netty-common-4.1.49.Final.jar;C:\Users\enotu\.m2\repository\io\netty\netty-buffer\4.1.49.Final\netty-buffer-4.1.49.Final.jar;C:\Users\enotu\.m2\repository\io\netty\netty-transport\4.1.49.Final\netty-transport-4.1.49.Final.jar;C:\Users\enotu\.m2\repository\io\netty\netty-handler-proxy\4.1.49.Final\netty-handler-proxy-4.1.49.Final.jar;C:\Users\enotu\.m2\repository\io\netty\netty-codec-socks\4.1.49.Final\netty-codec-socks-4.1.49.Final.jar;C:\Users\enotu\.m2\repository\io\netty\netty-codec-http2\4.1.49.Final\netty-codec-http2-4.1.49.Final.jar;C:\Users\enotu\.m2\repository\io\netty\netty-resolver\4.1.49.Final\netty-resolver-4.1.49.Final.jar;C:\Users\enotu\.m2\repository\io\netty\netty-resolver-dns\4.1.49.Final\netty-resolver-dns-4.1.49.Final.jar;C:\Users\enotu\.m2\repository\io\netty\netty-codec-dns\4.1.49.Final\netty-codec-dns-4.1.49.Final.jar;C:\Users\enotu\.m2\repository\io\vertx\vertx-web\3.9.5\vertx-web-3.9.5.jar;C:\Users\enotu\.m2\repository\io\vertx\vertx-web-common\3.9.5\vertx-web-common-3.9.5.jar;C:\Users\enotu\.m2\repository\io\vertx\vertx-auth-common\3.9.5\vertx-auth-common-3.9.5.jar;C:\Users\enotu\.m2\repository\io\vertx\vertx-bridge-common\3.9.5\vertx-bridge-common-3.9.5.jar;C:\Users\enotu\.m2\repository\io\quarkus\quarkus-resteasy-server-common\1.11.5.Final\quarkus-resteasy-server-common-1.11.5.Final.jar;C:\Users\enotu\.m2\repository\io\quarkus\quarkus-resteasy-common\1.11.5.Final\quarkus-resteasy-common-1.11.5.Final.jar;C:\Users\enotu\.m2\repository\org\jboss\resteasy\resteasy-core\4.5.9.Final\resteasy-core-4.5.9.Final.jar;C:\Users\enotu\.m2\repository\org\jboss\spec\javax\ws\rs\jboss-jaxrs-api_2.1_spec\1.0.1.Final\jboss-jaxrs-api_2.1_spec-1.0.1.Final.jar;C:\Users\enotu\.m2\repository\org\jboss\resteasy\resteasy-core-spi\4.5.9.Final\resteasy-core-spi-4.5.9.Final.jar;C:\Users\enotu\.m2\repository\com\ibm\async\asyncutil\0.1.0\asyncutil-0.1.0.jar;C:\Users\enotu\.m2\repository\com\sun\activation\jakarta.activation\1.2.1\jakarta.activation-1.2.1.jar;C:\Users\enotu\.m2\repository\jakarta\validation\jakarta.validation-api\2.0.2\jakarta.validation-api-2.0.2.jar;C:\Users\enotu\.m2\repository\io\quarkus\quarkus-resteasy-jackson\1.11.5.Final\quarkus-resteasy-jackson-1.11.5.Final.jar;C:\Users\enotu\.m2\repository\io\quarkus\quarkus-jackson\1.11.5.Final\quarkus-jackson-1.11.5.Final.jar;C:\Users\enotu\.m2\repository\com\fasterxml\jackson\core\jackson-databind\2.11.3\jackson-databind-2.11.3.jar;C:\Users\enotu\.m2\repository\com\fasterxml\jackson\datatype\jackson-datatype-jsr310\2.11.3\jackson-datatype-jsr310-2.11.3.jar;C:\Users\enotu\.m2\repository\com\fasterxml\jackson\datatype\jackson-datatype-jdk8\2.11.3\jackson-datatype-jdk8-2.11.3.jar;C:\Users\enotu\.m2\repository\com\fasterxml\jackson\module\jackson-module-parameter-names\2.11.3\jackson-module-parameter-names-2.11.3.jar;C:\Users\enotu\.m2\repository\org\jboss\resteasy\resteasy-jackson2-provider\4.5.9.Final\resteasy-jackson2-provider-4.5.9.Final.jar;C:\Users\enotu\.m2\repository\org\jboss\resteasy\resteasy-jaxb-provider\4.5.9.Final\resteasy-jaxb-provider-4.5.9.Final.jar;C:\Users\enotu\.m2\repository\org\glassfish\jaxb\jaxb-runtime\2.3.3-b02\jaxb-runtime-2.3.3-b02.jar;C:\Users\enotu\.m2\repository\org\glassfish\jaxb\txw2\2.3.3-b02\txw2-2.3.3-b02.jar;C:\Users\enotu\.m2\repository\com\sun\istack\istack-commons-runtime\3.0.10\istack-commons-runtime-3.0.10.jar;C:\Users\enotu\.m2\repository\com\fasterxml\jackson\core\jackson-core\2.11.3\jackson-core-2.11.3.jar;C:\Users\enotu\.m2\repository\com\fasterxml\jackson\core\jackson-annotations\2.11.3\jackson-annotations-2.11.3.jar;C:\Users\enotu\.m2\repository\com\fasterxml\jackson\jaxrs\jackson-jaxrs-json-provider\2.11.3\jackson-jaxrs-json-provider-2.11.3.jar;C:\Users\enotu\.m2\repository\com\fasterxml\jackson\jaxrs\jackson-jaxrs-base\2.11.3\jackson-jaxrs-base-2.11.3.jar;C:\Users\enotu\.m2\repository\com\fasterxml\jackson\module\jackson-module-jaxb-annotations\2.11.3\jackson-module-jaxb-annotations-2.11.3.jar;C:\Users\enotu\.m2\repository\com\github\java-json-tools\json-patch\1.13\json-patch-1.13.jar;C:\Users\enotu\.m2\repository\com\github\java-json-tools\msg-simple\1.2\msg-simple-1.2.jar;C:\Users\enotu\.m2\repository\com\github\java-json-tools\btf\1.3\btf-1.3.jar;C:\Users\enotu\.m2\repository\com\github\java-json-tools\jackson-coreutils\2.0\jackson-coreutils-2.0.jar;C:\Users\enotu\.m2\repository\org\jboss\logging\jboss-logging\3.4.1.Final\jboss-logging-3.4.1.Final.jar;C:\Users\enotu\.m2\repository\org\jboss\spec\javax\xml\bind\jboss-jaxb-api_2.3_spec\2.0.0.Final\jboss-jaxb-api_2.3_spec-2.0.0.Final.jar;C:\Users\enotu\.m2\repository\io\quarkus\quarkus-smallrye-openapi\1.11.5.Final\quarkus-smallrye-openapi-1.11.5.Final.jar;C:\Users\enotu\.m2\repository\io\smallrye\smallrye-open-api-core\2.0.22\smallrye-open-api-core-2.0.22.jar;C:\Users\enotu\.m2\repository\org\eclipse\microprofile\openapi\microprofile-openapi-api\1.1.2\microprofile-openapi-api-1.1.2.jar;C:\Users\enotu\.m2\repository\org\eclipse\microprofile\config\microprofile-config-api\1.4\microprofile-config-api-1.4.jar;C:\Users\enotu\.m2\repository\com\fasterxml\jackson\dataformat\jackson-dataformat-yaml\2.11.3\jackson-dataformat-yaml-2.11.3.jar;C:\Users\enotu\.m2\repository\org\yaml\snakeyaml\1.27\snakeyaml-1.27.jar;C:\Users\enotu\.m2\repository\org\jboss\jandex\2.2.2.Final\jandex-2.2.2.Final.jar;C:\Users\enotu\.m2\repository\io\quarkus\quarkus-core\1.11.5.Final\quarkus-core-1.11.5.Final.jar;C:\Users\enotu\.m2\repository\jakarta\enterprise\jakarta.enterprise.cdi-api\2.0.2\jakarta.enterprise.cdi-api-2.0.2.jar;C:\Users\enotu\.m2\repository\jakarta\el\jakarta.el-api\3.0.3\jakarta.el-api-3.0.3.jar;C:\Users\enotu\.m2\repository\jakarta\interceptor\jakarta.interceptor-api\1.2.5\jakarta.interceptor-api-1.2.5.jar;C:\Users\enotu\.m2\repository\jakarta\inject\jakarta.inject-api\1.0\jakarta.inject-api-1.0.jar;C:\Users\enotu\.m2\repository\io\quarkus\quarkus-ide-launcher\1.11.5.Final\quarkus-ide-launcher-1.11.5.Final.jar;C:\Users\enotu\.m2\repository\io\quarkus\quarkus-development-mode-spi\1.11.5.Final\quarkus-development-mode-spi-1.11.5.Final.jar;C:\Users\enotu\.m2\repository\io\smallrye\config\smallrye-config\1.10.2\smallrye-config-1.10.2.jar;C:\Users\enotu\.m2\repository\io\smallrye\common\smallrye-common-annotation\1.5.0\smallrye-common-annotation-1.5.0.jar;C:\Users\enotu\.m2\repository\io\smallrye\config\smallrye-config-common\1.10.2\smallrye-config-common-1.10.2.jar;C:\Users\enotu\.m2\repository\io\smallrye\common\smallrye-common-expression\1.5.0\smallrye-common-expression-1.5.0.jar;C:\Users\enotu\.m2\repository\io\smallrye\common\smallrye-common-function\1.5.0\smallrye-common-function-1.5.0.jar;C:\Users\enotu\.m2\repository\io\smallrye\common\smallrye-common-constraint\1.5.0\smallrye-common-constraint-1.5.0.jar;C:\Users\enotu\.m2\repository\io\smallrye\common\smallrye-common-classloader\1.5.0\smallrye-common-classloader-1.5.0.jar;C:\Users\enotu\.m2\repository\org\jboss\logmanager\jboss-logmanager-embedded\1.0.6\jboss-logmanager-embedded-1.0.6.jar;C:\Users\enotu\.m2\repository\org\jboss\logging\jboss-logging-annotations\2.2.0.Final\jboss-logging-annotations-2.2.0.Final.jar;C:\Users\enotu\.m2\repository\org\jboss\threads\jboss-threads\3.2.0.Final\jboss-threads-3.2.0.Final.jar;C:\Users\enotu\.m2\repository\org\jboss\slf4j\slf4j-jboss-logmanager\1.1.0.Final\slf4j-jboss-logmanager-1.1.0.Final.jar;C:\Users\enotu\.m2\repository\org\graalvm\sdk\graal-sdk\20.3.1\graal-sdk-20.3.1.jar;C:\Users\enotu\.m2\repository\org\wildfly\common\wildfly-common\1.5.4.Final-format-001\wildfly-common-1.5.4.Final-format-001.jar;C:\Users\enotu\.m2\repository\io\quarkus\quarkus-bootstrap-runner\1.11.5.Final\quarkus-bootstrap-runner-1.11.5.Final.jar;C:\Users\enotu\.m2\repository\io\quarkus\quarkus-swagger-ui\1.11.5.Final\quarkus-swagger-ui-1.11.5.Final.jar;C:\Users\enotu\.m2\repository\io\quarkus\quarkus-smallrye-health\1.11.5.Final\quarkus-smallrye-health-1.11.5.Final.jar;C:\Users\enotu\.m2\repository\io\smallrye\smallrye-health\2.2.5\smallrye-health-2.2.5.jar;C:\Users\enotu\.m2\repository\org\eclipse\microprofile\health\microprofile-health-api\2.2\microprofile-health-api-2.2.jar;C:\Users\enotu\.m2\repository\io\smallrye\smallrye-health-api\2.2.5\smallrye-health-api-2.2.5.jar;C:\Users\enotu\.m2\repository\io\smallrye\smallrye-health-provided-checks\2.2.5\smallrye-health-provided-checks-2.2.5.jar;C:\Users\enotu\.m2\repository\io\quarkus\quarkus-jsonp\1.11.5.Final\quarkus-jsonp-1.11.5.Final.jar;C:\Users\enotu\.m2\repository\org\glassfish\jakarta.json\1.1.6\jakarta.json-1.1.6.jar;C:\Users\enotu\.m2\repository\io\quarkus\quarkus-arc\1.11.5.Final\quarkus-arc-1.11.5.Final.jar;C:\Users\enotu\.m2\repository\io\quarkus\arc\arc\1.11.5.Final\arc-1.11.5.Final.jar;C:\Users\enotu\.m2\repository\jakarta\transaction\jakarta.transaction-api\1.3.3\jakarta.transaction-api-1.3.3.jar;C:\Users\enotu\.m2\repository\org\eclipse\microprofile\context-propagation\microprofile-context-propagation-api\1.0.1\microprofile-context-propagation-api-1.0.1.jar;C:\Users\enotu\.m2\repository\io\quarkus\quarkus-junit5\1.11.5.Final\quarkus-junit5-1.11.5.Final.jar;C:\Users\enotu\.m2\repository\io\quarkus\quarkus-bootstrap-core\1.11.5.Final\quarkus-bootstrap-core-1.11.5.Final.jar;C:\Users\enotu\.m2\repository\io\quarkus\quarkus-bootstrap-app-model\1.11.5.Final\quarkus-bootstrap-app-model-1.11.5.Final.jar;C:\Users\enotu\.m2\repository\io\quarkus\quarkus-bootstrap-maven-resolver\1.11.5.Final\quarkus-bootstrap-maven-resolver-1.11.5.Final.jar;C:\Users\enotu\.m2\repository\org\apache\maven\maven-embedder\3.6.3\maven-embedder-3.6.3.jar;C:\Users\enotu\.m2\repository\org\apache\maven\maven-settings\3.6.3\maven-settings-3.6.3.jar;C:\Users\enotu\.m2\repository\org\apache\maven\maven-core\3.6.2\maven-core-3.6.2.jar;C:\Users\enotu\.m2\repository\org\apache\maven\maven-artifact\3.6.2\maven-artifact-3.6.2.jar;C:\Users\enotu\.m2\repository\org\codehaus\plexus\plexus-component-annotations\1.6\plexus-component-annotations-1.6.jar;C:\Users\enotu\.m2\repository\org\apache\maven\maven-plugin-api\3.6.2\maven-plugin-api-3.6.2.jar;C:\Users\enotu\.m2\repository\org\apache\maven\maven-model\3.6.3\maven-model-3.6.3.jar;C:\Users\enotu\.m2\repository\org\apache\maven\maven-model-builder\3.6.3\maven-model-builder-3.6.3.jar;C:\Users\enotu\.m2\repository\org\apache\maven\maven-builder-support\3.6.3\maven-builder-support-3.6.3.jar;C:\Users\enotu\.m2\repository\org\apache\maven\resolver\maven-resolver-api\1.4.1\maven-resolver-api-1.4.1.jar;C:\Users\enotu\.m2\repository\org\apache\maven\resolver\maven-resolver-util\1.4.1\maven-resolver-util-1.4.1.jar;C:\Users\enotu\.m2\repository\org\apache\maven\shared\maven-shared-utils\3.2.1\maven-shared-utils-3.2.1.jar;C:\Users\enotu\.m2\repository\commons-io\commons-io\2.8.0\commons-io-2.8.0.jar;C:\Users\enotu\.m2\repository\com\google\inject\guice\4.2.1\guice-4.2.1-no_aop.jar;C:\Users\enotu\.m2\repository\com\google\guava\guava\30.1-jre\guava-30.1-jre.jar;C:\Users\enotu\.m2\repository\com\google\guava\failureaccess\1.0.1\failureaccess-1.0.1.jar;C:\Users\enotu\.m2\repository\com\google\guava\listenablefuture\9999.0-empty-to-avoid-conflict-with-guava\listenablefuture-9999.0-empty-to-avoid-conflict-with-guava.jar;C:\Users\enotu\.m2\repository\org\codehaus\plexus\plexus-utils\3.2.1\plexus-utils-3.2.1.jar;C:\Users\enotu\.m2\repository\org\codehaus\plexus\plexus-classworlds\2.5.2\plexus-classworlds-2.5.2.jar;C:\Users\enotu\.m2\repository\commons-cli\commons-cli\1.4\commons-cli-1.4.jar;C:\Users\enotu\.m2\repository\org\eclipse\sisu\org.eclipse.sisu.plexus\0.3.4\org.eclipse.sisu.plexus-0.3.4.jar;C:\Users\enotu\.m2\repository\org\apache\maven\maven-settings-builder\3.6.3\maven-settings-builder-3.6.3.jar;C:\Users\enotu\.m2\repository\org\codehaus\plexus\plexus-interpolation\1.25\plexus-interpolation-1.25.jar;C:\Users\enotu\.m2\repository\org\sonatype\plexus\plexus-sec-dispatcher\1.4\plexus-sec-dispatcher-1.4.jar;C:\Users\enotu\.m2\repository\org\sonatype\plexus\plexus-cipher\1.4\plexus-cipher-1.4.jar;C:\Users\enotu\.m2\repository\org\apache\maven\maven-resolver-provider\3.6.3\maven-resolver-provider-3.6.3.jar;C:\Users\enotu\.m2\repository\org\apache\maven\maven-repository-metadata\3.6.3\maven-repository-metadata-3.6.3.jar;C:\Users\enotu\.m2\repository\org\apache\maven\resolver\maven-resolver-spi\1.4.1\maven-resolver-spi-1.4.1.jar;C:\Users\enotu\.m2\repository\org\apache\maven\resolver\maven-resolver-impl\1.4.1\maven-resolver-impl-1.4.1.jar;C:\Users\enotu\.m2\repository\org\apache\maven\resolver\maven-resolver-connector-basic\1.4.1\maven-resolver-connector-basic-1.4.1.jar;C:\Users\enotu\.m2\repository\org\apache\maven\resolver\maven-resolver-transport-wagon\1.4.1\maven-resolver-transport-wagon-1.4.1.jar;C:\Users\enotu\.m2\repository\org\apache\maven\wagon\wagon-http\3.3.4\wagon-http-3.3.4.jar;C:\Users\enotu\.m2\repository\org\apache\maven\wagon\wagon-http-shared\3.3.4\wagon-http-shared-3.3.4.jar;C:\Users\enotu\.m2\repository\org\jsoup\jsoup\1.12.1\jsoup-1.12.1.jar;C:\Users\enotu\.m2\repository\org\apache\maven\wagon\wagon-provider-api\3.3.4\wagon-provider-api-3.3.4.jar;C:\Users\enotu\.m2\repository\org\apache\maven\wagon\wagon-file\3.3.4\wagon-file-3.3.4.jar;C:\Users\enotu\.m2\repository\io\quarkus\quarkus-bootstrap-gradle-resolver\1.11.5.Final\quarkus-bootstrap-gradle-resolver-1.11.5.Final.jar;C:\Users\enotu\.m2\repository\io\smallrye\common\smallrye-common-io\1.5.0\smallrye-common-io-1.5.0.jar;C:\Users\enotu\.m2\repository\org\eclipse\sisu\org.eclipse.sisu.inject\0.3.4\org.eclipse.sisu.inject-0.3.4.jar;C:\Users\enotu\.m2\repository\io\quarkus\quarkus-test-common\1.11.5.Final\quarkus-test-common-1.11.5.Final.jar;C:\Users\enotu\.m2\repository\io\quarkus\quarkus-core-deployment\1.11.5.Final\quarkus-core-deployment-1.11.5.Final.jar;C:\Users\enotu\.m2\repository\org\ow2\asm\asm\9.0\asm-9.0.jar;C:\Users\enotu\.m2\repository\io\quarkus\quarkus-class-change-agent\1.11.5.Final\quarkus-class-change-agent-1.11.5.Final.jar;C:\Users\enotu\.m2\repository\io\quarkus\quarkus-devtools-utilities\1.11.5.Final\quarkus-devtools-utilities-1.11.5.Final.jar;C:\Users\enotu\.m2\repository\io\quarkus\quarkus-builder\1.11.5.Final\quarkus-builder-1.11.5.Final.jar;C:\Users\enotu\.m2\repository\io\quarkus\quarkus-jsonp-deployment\1.11.5.Final\quarkus-jsonp-deployment-1.11.5.Final.jar;C:\Users\enotu\.m2\repository\org\jboss\logging\commons-logging-jboss-logging\1.0.0.Final\commons-logging-jboss-logging-1.0.0.Final.jar;C:\Users\enotu\.m2\repository\org\junit\jupiter\junit-jupiter\5.7.0\junit-jupiter-5.7.0.jar;C:\Users\enotu\.m2\repository\org\junit\jupiter\junit-jupiter-api\5.7.0\junit-jupiter-api-5.7.0.jar;C:\Users\enotu\.m2\repository\org\opentest4j\opentest4j\1.2.0\opentest4j-1.2.0.jar;C:\Users\enotu\.m2\repository\org\junit\platform\junit-platform-commons\1.7.0\junit-platform-commons-1.7.0.jar;C:\Users\enotu\.m2\repository\org\junit\jupiter\junit-jupiter-params\5.7.0\junit-jupiter-params-5.7.0.jar;C:\Users\enotu\.m2\repository\org\junit\jupiter\junit-jupiter-engine\5.7.0\junit-jupiter-engine-5.7.0.jar;C:\Users\enotu\.m2\repository\com\thoughtworks\xstream\xstream\1.4.14\xstream-1.4.14.jar;C:\Users\enotu\.m2\repository\xmlpull\xmlpull\1.1.3.1\xmlpull-1.1.3.1.jar;C:\Users\enotu\.m2\repository\xpp3\xpp3_min\1.1.4c\xpp3_min-1.1.4c.jar;C:\Users\enotu\.m2\repository\io\rest-assured\rest-assured\4.3.0\rest-assured-4.3.0.jar;C:\Users\enotu\.m2\repository\org\codehaus\groovy\groovy\3.0.2\groovy-3.0.2.jar;C:\Users\enotu\.m2\repository\org\codehaus\groovy\groovy-xml\3.0.2\groovy-xml-3.0.2.jar;C:\Users\enotu\.m2\repository\org\apache\httpcomponents\httpclient\4.5.13\httpclient-4.5.13.jar;C:\Users\enotu\.m2\repository\org\apache\httpcomponents\httpcore\4.4.14\httpcore-4.4.14.jar;C:\Users\enotu\.m2\repository\commons-codec\commons-codec\1.14\commons-codec-1.14.jar;C:\Users\enotu\.m2\repository\org\apache\httpcomponents\httpmime\4.5.13\httpmime-4.5.13.jar;C:\Users\enotu\.m2\repository\org\hamcrest\hamcrest\2.1\hamcrest-2.1.jar;C:\Users\enotu\.m2\repository\org\ccil\cowan\tagsoup\tagsoup\1.2.1\tagsoup-1.2.1.jar;C:\Users\enotu\.m2\repository\io\rest-assured\json-path\4.3.0\json-path-4.3.0.jar;C:\Users\enotu\.m2\repository\org\codehaus\groovy\groovy-json\3.0.2\groovy-json-3.0.2.jar;C:\Users\enotu\.m2\repository\io\rest-assured\rest-assured-common\4.3.0\rest-assured-common-4.3.0.jar;C:\Users\enotu\.m2\repository\io\rest-assured\xml-path\4.3.0\xml-path-4.3.0.jar;C:\Users\enotu\.m2\repository\org\apache\commons\commons-lang3\3.8.1\commons-lang3-3.8.1.jar;C:\Users\enotu\.m2\repository\jakarta\xml\bind\jakarta.xml.bind-api\2.3.3\jakarta.xml.bind-api-2.3.3.jar;C:\Users\enotu\.m2\repository\jakarta\activation\jakarta.activation-api\1.2.1\jakarta.activation-api-1.2.1.jar;C:\Users\enotu\.m2\repository\com\sun\xml\bind\jaxb-osgi\2.3.0.1\jaxb-osgi-2.3.0.1.jar;C:\Users\enotu\.m2\repository\org\apache\sling\org.apache.sling.javax.activation\0.1.0\org.apache.sling.javax.activation-0.1.0.jar;C:\Users\enotu\.m2\repository\javax\activation\activation\1.1.1\activation-1.1.1.jar;C:\Users\enotu\.m2\repository\org\kie\kogito\kogito-scenario-simulation\1.5.0.Final\kogito-scenario-simulation-1.5.0.Final.jar;C:\Users\enotu\.m2\repository\org\kie\kogito\kogito-dmn\1.5.0.Final\kogito-dmn-1.5.0.Final.jar;C:\Users\enotu\.m2\repository\org\kie\kie-dmn-core\7.52.0.Final\kie-dmn-core-7.52.0.Final.jar;C:\Users\enotu\.m2\repository\org\kie\kie-dmn-model\7.52.0.Final\kie-dmn-model-7.52.0.Final.jar;C:\Users\enotu\.m2\repository\org\kie\kie-dmn-backend\7.52.0.Final\kie-dmn-backend-7.52.0.Final.jar;C:\Users\enotu\.m2\repository\org\kie\kie-dmn-feel\7.52.0.Final\kie-dmn-feel-7.52.0.Final.jar;C:\Users\enotu\.m2\repository\ch\obermuhlner\big-math\2.0.1\big-math-2.0.1.jar;C:\Users\enotu\.m2\repository\org\kie\kie-memory-compiler\7.52.0.Final\kie-memory-compiler-7.52.0.Final.jar;C:\Users\enotu\.m2\repository\org\drools\drools-alphanetwork-compiler\7.52.0.Final\drools-alphanetwork-compiler-7.52.0.Final.jar;C:\Users\enotu\.m2\repository\org\antlr\antlr4-runtime\4.8\antlr4-runtime-4.8.jar;C:\Users\enotu\.m2\repository\org\jpmml\pmml-model\1.5.1\pmml-model-1.5.1.jar;C:\Users\enotu\.m2\repository\org\jpmml\pmml-agent\1.5.1\pmml-agent-1.5.1.jar;C:\Users\enotu\.m2\repository\org\kie\kie-dmn-validation\7.52.0.Final\kie-dmn-validation-7.52.0.Final.jar;C:\Users\enotu\.m2\repository\org\kie\kogito\kogito-pmml\1.5.0.Final\kogito-pmml-1.5.0.Final.jar;C:\Users\enotu\.m2\repository\org\kie\kie-pmml-dependencies\7.52.0.Final\kie-pmml-dependencies-7.52.0.Final.jar;C:\Users\enotu\.m2\repository\org\kie\kie-pmml-api\7.52.0.Final\kie-pmml-api-7.52.0.Final.jar;C:\Users\enotu\.m2\repository\org\apache\commons\commons-math3\3.4.1\commons-math3-3.4.1.jar;C:\Users\enotu\.m2\repository\org\kie\kie-pmml-compiler-api\7.52.0.Final\kie-pmml-compiler-api-7.52.0.Final.jar;C:\Users\enotu\.m2\repository\org\kie\kie-pmml-compiler-core\7.52.0.Final\kie-pmml-compiler-core-7.52.0.Final.jar;C:\Users\enotu\.m2\repository\org\kie\kie-pmml-compiler-commons\7.52.0.Final\kie-pmml-compiler-commons-7.52.0.Final.jar;C:\Users\enotu\.m2\repository\org\kie\kie-pmml-evaluator-core\7.52.0.Final\kie-pmml-evaluator-core-7.52.0.Final.jar;C:\Users\enotu\.m2\repository\org\kie\kie-pmml-evaluator-assembler\7.52.0.Final\kie-pmml-evaluator-assembler-7.52.0.Final.jar;C:\Users\enotu\.m2\repository\org\kie\kie-pmml-kie-internal\7.52.0.Final\kie-pmml-kie-internal-7.52.0.Final.jar;C:\Users\enotu\.m2\repository\org\kie\kie-pmml-models-drools-common\7.52.0.Final\kie-pmml-models-drools-common-7.52.0.Final.jar;C:\Users\enotu\.m2\repository\org\kie\kie-pmml-models-regression-model\7.52.0.Final\kie-pmml-models-regression-model-7.52.0.Final.jar;C:\Users\enotu\.m2\repository\org\kie\kie-pmml-models-regression-compiler\7.52.0.Final\kie-pmml-models-regression-compiler-7.52.0.Final.jar;C:\Users\enotu\.m2\repository\org\kie\kie-pmml-models-regression-evaluator\7.52.0.Final\kie-pmml-models-regression-evaluator-7.52.0.Final.jar;C:\Users\enotu\.m2\repository\org\kie\kie-pmml-models-drools-tree-model\7.52.0.Final\kie-pmml-models-drools-tree-model-7.52.0.Final.jar;C:\Users\enotu\.m2\repository\org\kie\kie-pmml-models-drools-tree-compiler\7.52.0.Final\kie-pmml-models-drools-tree-compiler-7.52.0.Final.jar;C:\Users\enotu\.m2\repository\org\kie\kie-pmml-models-drools-tree-evaluator\7.52.0.Final\kie-pmml-models-drools-tree-evaluator-7.52.0.Final.jar;C:\Users\enotu\.m2\repository\org\kie\kie-pmml-compiler-api\7.52.0.Final\kie-pmml-compiler-api-7.52.0.Final-tests.jar;C:\Users\enotu\.m2\repository\org\kie\kie-pmml-models-drools-scorecard-model\7.52.0.Final\kie-pmml-models-drools-scorecard-model-7.52.0.Final.jar;C:\Users\enotu\.m2\repository\org\kie\kie-pmml-models-drools-scorecard-compiler\7.52.0.Final\kie-pmml-models-drools-scorecard-compiler-7.52.0.Final.jar;C:\Users\enotu\.m2\repository\org\kie\kie-pmml-models-drools-scorecard-evaluator\7.52.0.Final\kie-pmml-models-drools-scorecard-evaluator-7.52.0.Final.jar;C:\Users\enotu\.m2\repository\org\kie\kie-pmml-models-mining-model\7.52.0.Final\kie-pmml-models-mining-model-7.52.0.Final.jar;C:\Users\enotu\.m2\repository\org\kie\kie-pmml-models-mining-compiler\7.52.0.Final\kie-pmml-models-mining-compiler-7.52.0.Final.jar;C:\Users\enotu\.m2\repository\org\kie\kie-pmml-models-mining-evaluator\7.52.0.Final\kie-pmml-models-mining-evaluator-7.52.0.Final.jar;C:\Users\enotu\.m2\repository\org\kie\kogito\kogito-drools\1.5.0.Final\kogito-drools-1.5.0.Final.jar;C:\Users\enotu\.m2\repository\org\kie\kogito\kogito-ruleunits\1.5.0.Final\kogito-ruleunits-1.5.0.Final.jar;C:\Users\enotu\.m2\repository\org\kie\kogito\kogito-drools-model\1.5.0.Final\kogito-drools-model-1.5.0.Final.jar;C:\Users\enotu\.m2\repository\org\drools\drools-model-compiler\7.52.0.Final\drools-model-compiler-7.52.0.Final.jar;C:\Users\enotu\.m2\repository\org\drools\drools-canonical-model\7.52.0.Final\drools-canonical-model-7.52.0.Final.jar;C:\Users\enotu\.m2\repository\org\drools\drools-mvel-parser\7.52.0.Final\drools-mvel-parser-7.52.0.Final.jar;C:\Users\enotu\.m2\repository\org\drools\drools-mvel-compiler\7.52.0.Final\drools-mvel-compiler-7.52.0.Final.jar;C:\Users\enotu\.m2\repository\org\kie\kogito\drools-core-dynamic\1.5.0.Final\drools-core-dynamic-1.5.0.Final.jar;C:\Users\enotu\.m2\repository\org\drools\drools-core-dynamic\7.52.0.Final\drools-core-dynamic-7.52.0.Final.jar;C:\Users\enotu\.m2\repository\org\drools\drools-core-reflective\7.52.0.Final\drools-core-reflective-7.52.0.Final.jar;C:\Users\enotu\.m2\repository\org\junit\vintage\junit-vintage-engine\5.7.0\junit-vintage-engine-5.7.0.jar;C:\Users\enotu\.m2\repository\org\apiguardian\apiguardian-api\1.1.0\apiguardian-api-1.1.0.jar;C:\Users\enotu\.m2\repository\org\junit\platform\junit-platform-engine\1.7.0\junit-platform-engine-1.7.0.jar;C:\Users\enotu\.m2\repository\junit\junit\4.12\junit-4.12.jar;C:\Users\enotu\.m2\repository\org\hamcrest\hamcrest-core\1.3\hamcrest-core-1.3.jar;C:\Users\enotu\.m2\repository\org\drools\drools-scenario-simulation-api\7.52.0.Final\drools-scenario-simulation-api-7.52.0.Final.jar;C:\Users\enotu\.m2\repository\org\drools\drools-scenario-simulation-backend\7.52.0.Final\drools-scenario-simulation-backend-7.52.0.Final.jar;C:\Users\enotu\.m2\repository\org\kie\kie-api\7.52.0.Final\kie-api-7.52.0.Final.jar;C:\Users\enotu\.m2\repository\org\kie\soup\kie-soup-maven-support\7.52.0.Final\kie-soup-maven-support-7.52.0.Final.jar;C:\Users\enotu\.m2\repository\org\kie\kie-internal\7.52.0.Final\kie-internal-7.52.0.Final.jar;"/>
    <property name="java.vm.vendor" value="Oracle Corporation"/>
    <property name="sun.arch.data.model" value="64"/>
    <property name="user.variant" value=""/>
    <property name="java.vendor.url" value="http://java.oracle.com/"/>
    <property name="user.timezone" value="Europe/Helsinki"/>
    <property name="user.country.format" value="FI"/>
    <property name="java.vm.specification.version" value="11"/>
    <property name="os.name" value="Windows 10"/>
    <property name="sun.java.launcher" value="SUN_STANDARD"/>
    <property name="user.country" value="GB"/>
    <property name="sun.boot.library.path" value="C:\Program Files\Java\jdk-11.0.5\bin"/>
    <property name="sun.java.command" value="C:\Users\enotu\AppData\Local\Temp\surefire533175967231241519\surefirebooter15004194459637969087.jar C:\Users\enotu\AppData\Local\Temp\surefire533175967231241519 2021-06-08T23-14-41_273-jvmRun1 surefire8919693879888603650tmp surefire_011117022388127977545tmp"/>
    <property name="jdk.debug" value="release"/>
    <property name="maven.home" value="C:\Users\Public\Maven\apache-maven-3.6.3\bin\.."/>
    <property name="surefire.test.class.path" value="G:\PetProjects\MUD\mud-command-tokenizer\target\test-classes;G:\PetProjects\MUD\mud-command-tokenizer\target\classes;C:\Users\enotu\.m2\repository\org\kie\kogito\kogito-quarkus\1.5.0.Final\kogito-quarkus-1.5.0.Final.jar;C:\Users\enotu\.m2\repository\org\kie\kogito\kogito-quarkus-common\1.5.0.Final\kogito-quarkus-common-1.5.0.Final.jar;C:\Users\enotu\.m2\repository\org\mvel\mvel2\2.4.12.Final\mvel2-2.4.12.Final.jar;C:\Users\enotu\.m2\repository\com\jayway\jsonpath\json-path\2.4.0\json-path-2.4.0.jar;C:\Users\enotu\.m2\repository\net\minidev\json-smart\2.3\json-smart-2.3.jar;C:\Users\enotu\.m2\repository\net\minidev\accessors-smart\1.2\accessors-smart-1.2.jar;C:\Users\enotu\.m2\repository\io\quarkus\arc\arc-processor\1.11.5.Final\arc-processor-1.11.5.Final.jar;C:\Users\enotu\.m2\repository\io\quarkus\gizmo\gizmo\1.0.6.Final\gizmo-1.0.6.Final.jar;C:\Users\enotu\.m2\repository\org\ow2\asm\asm-util\9.0\asm-util-9.0.jar;C:\Users\enotu\.m2\repository\org\ow2\asm\asm-tree\9.0\asm-tree-9.0.jar;C:\Users\enotu\.m2\repository\org\ow2\asm\asm-analysis\9.0\asm-analysis-9.0.jar;C:\Users\enotu\.m2\repository\io\quarkus\quarkus-undertow\1.11.5.Final\quarkus-undertow-1.11.5.Final.jar;C:\Users\enotu\.m2\repository\io\quarkus\http\quarkus-http-servlet\3.0.18.Final\quarkus-http-servlet-3.0.18.Final.jar;C:\Users\enotu\.m2\repository\jakarta\servlet\jakarta.servlet-api\4.0.3\jakarta.servlet-api-4.0.3.jar;C:\Users\enotu\.m2\repository\io\quarkus\http\quarkus-http-vertx-backend\3.0.18.Final\quarkus-http-vertx-backend-3.0.18.Final.jar;C:\Users\enotu\.m2\repository\io\quarkus\http\quarkus-http-http-core\3.0.18.Final\quarkus-http-http-core-3.0.18.Final.jar;C:\Users\enotu\.m2\repository\io\quarkus\http\quarkus-http-core\3.0.18.Final\quarkus-http-core-3.0.18.Final.jar;C:\Users\enotu\.m2\repository\io\netty\netty-codec-http\4.1.49.Final\netty-codec-http-4.1.49.Final.jar;C:\Users\enotu\.m2\repository\org\kie\kogito\kogito-api\1.5.0.Final\kogito-api-1.5.0.Final.jar;C:\Users\enotu\.m2\repository\org\kie\kie-dmn-api\7.52.0.Final\kie-dmn-api-7.52.0.Final.jar;C:\Users\enotu\.m2\repository\org\kie\kogito\kogito-timer\1.5.0.Final\kogito-timer-1.5.0.Final.jar;C:\Users\enotu\.m2\repository\org\kie\kie-pmml-evaluator-api\7.52.0.Final\kie-pmml-evaluator-api-7.52.0.Final.jar;C:\Users\enotu\.m2\repository\org\kie\kie-pmml-commons\7.52.0.Final\kie-pmml-commons-7.52.0.Final.jar;C:\Users\enotu\.m2\repository\jakarta\annotation\jakarta.annotation-api\1.3.5\jakarta.annotation-api-1.3.5.jar;C:\Users\enotu\.m2\repository\org\kie\kogito\kogito-quarkus-rules\1.5.0.Final\kogito-quarkus-rules-1.5.0.Final.jar;C:\Users\enotu\.m2\repository\org\kie\kogito\kogito-quarkus-decisions\1.5.0.Final\kogito-quarkus-decisions-1.5.0.Final.jar;C:\Users\enotu\.m2\repository\org\kie\kogito\kogito-quarkus-predictions\1.5.0.Final\kogito-quarkus-predictions-1.5.0.Final.jar;C:\Users\enotu\.m2\repository\org\kie\kogito\jbpm-bpmn2\1.5.0.Final\jbpm-bpmn2-1.5.0.Final.jar;C:\Users\enotu\.m2\repository\org\kie\kogito\drools-compiler\1.5.0.Final\drools-compiler-1.5.0.Final.jar;C:\Users\enotu\.m2\repository\org\drools\drools-compiler\7.52.0.Final\drools-compiler-7.52.0.Final.jar;C:\Users\enotu\.m2\repository\org\drools\drools-ecj\7.52.0.Final\drools-ecj-7.52.0.Final.jar;C:\Users\enotu\.m2\repository\org\antlr\antlr-runtime\3.5.2\antlr-runtime-3.5.2.jar;C:\Users\enotu\.m2\repository\org\kie\kogito\drools-core\1.5.0.Final\drools-core-1.5.0.Final.jar;C:\Users\enotu\.m2\repository\org\drools\drools-core\7.52.0.Final\drools-core-7.52.0.Final.jar;C:\Users\enotu\.m2\repository\org\kie\soup\kie-soup-xstream\7.52.0.Final\kie-soup-xstream-7.52.0.Final.jar;C:\Users\enotu\.m2\repository\org\kie\kogito\kogito-services\1.5.0.Final\kogito-services-1.5.0.Final.jar;C:\Users\enotu\.m2\repository\org\kie\kogito\drools-core-static\1.5.0.Final\drools-core-static-1.5.0.Final.jar;C:\Users\enotu\.m2\repository\org\kie\kogito\jbpm-flow-builder\1.5.0.Final\jbpm-flow-builder-1.5.0.Final.jar;C:\Users\enotu\.m2\repository\com\github\javaparser\javaparser-core\3.13.10\javaparser-core-3.13.10.jar;C:\Users\enotu\.m2\repository\org\kie\kogito\jbpm-flow\1.5.0.Final\jbpm-flow-1.5.0.Final.jar;C:\Users\enotu\.m2\repository\org\kie\kogito\kogito-events-api\1.5.0.Final\kogito-events-api-1.5.0.Final.jar;C:\Users\enotu\.m2\repository\org\reactivestreams\reactive-streams\1.0.3\reactive-streams-1.0.3.jar;C:\Users\enotu\.m2\repository\org\kie\kogito\process-workitems\1.5.0.Final\process-workitems-1.5.0.Final.jar;C:\Users\enotu\.m2\repository\org\drools\drools-mvel\7.52.0.Final\drools-mvel-7.52.0.Final.jar;C:\Users\enotu\.m2\repository\org\kie\soup\kie-soup-project-datamodel-commons\7.52.0.Final\kie-soup-project-datamodel-commons-7.52.0.Final.jar;C:\Users\enotu\.m2\repository\org\kie\soup\kie-soup-commons\7.52.0.Final\kie-soup-commons-7.52.0.Final.jar;C:\Users\enotu\.m2\repository\org\kie\soup\kie-soup-project-datamodel-api\7.52.0.Final\kie-soup-project-datamodel-api-7.52.0.Final.jar;C:\Users\enotu\.m2\repository\org\slf4j\slf4j-api\1.7.30\slf4j-api-1.7.30.jar;C:\Users\enotu\.m2\repository\org\kie\kogito\jbpm-serverless-workflow\1.5.0.Final\jbpm-serverless-workflow-1.5.0.Final.jar;C:\Users\enotu\.m2\repository\org\kie\kogito\kogito-rest-workitem\1.5.0.Final\kogito-rest-workitem-1.5.0.Final.jar;C:\Users\enotu\.m2\repository\io\smallrye\reactive\smallrye-mutiny-vertx-web-client\1.3.0\smallrye-mutiny-vertx-web-client-1.3.0.jar;C:\Users\enotu\.m2\repository\io\vertx\vertx-web-client\3.9.5\vertx-web-client-3.9.5.jar;C:\Users\enotu\.m2\repository\io\smallrye\reactive\smallrye-mutiny-vertx-core\1.3.0\smallrye-mutiny-vertx-core-1.3.0.jar;C:\Users\enotu\.m2\repository\io\smallrye\reactive\smallrye-mutiny-vertx-runtime\1.3.0\smallrye-mutiny-vertx-runtime-1.3.0.jar;C:\Users\enotu\.m2\repository\io\smallrye\reactive\vertx-mutiny-generator\1.3.0\vertx-mutiny-generator-1.3.0.jar;C:\Users\enotu\.m2\repository\io\vertx\vertx-codegen\3.9.5\vertx-codegen-3.9.5.jar;C:\Users\enotu\.m2\repository\io\smallrye\reactive\smallrye-mutiny-vertx-web-common\1.3.0\smallrye-mutiny-vertx-web-common-1.3.0.jar;C:\Users\enotu\.m2\repository\org\kie\kogito\kogito-openapi-workitem\1.5.0.Final\kogito-openapi-workitem-1.5.0.Final.jar;C:\Users\enotu\.m2\repository\org\openapitools\jackson-databind-nullable\0.2.0\jackson-databind-nullable-0.2.0.jar;C:\Users\enotu\.m2\repository\javax\validation\validation-api\2.0.1.Final\validation-api-2.0.1.Final.jar;C:\Users\enotu\.m2\repository\io\serverlessworkflow\serverlessworkflow-api\2.0.0.Final\serverlessworkflow-api-2.0.0.Final.jar;C:\Users\enotu\.m2\repository\org\slf4j\jcl-over-slf4j\1.7.30\jcl-over-slf4j-1.7.30.jar;C:\Users\enotu\.m2\repository\org\json\json\20200518\json-20200518.jar;C:\Users\enotu\.m2\repository\com\github\erosb\everit-json-schema\1.12.1\everit-json-schema-1.12.1.jar;C:\Users\enotu\.m2\repository\commons-validator\commons-validator\1.6\commons-validator-1.6.jar;C:\Users\enotu\.m2\repository\commons-digester\commons-digester\1.8.1\commons-digester-1.8.1.jar;C:\Users\enotu\.m2\repository\commons-collections\commons-collections\3.2.2\commons-collections-3.2.2.jar;C:\Users\enotu\.m2\repository\com\damnhandy\handy-uri-templates\2.1.8\handy-uri-templates-2.1.8.jar;C:\Users\enotu\.m2\repository\joda-time\joda-time\2.10.2\joda-time-2.10.2.jar;C:\Users\enotu\.m2\repository\com\google\re2j\re2j\1.3\re2j-1.3.jar;C:\Users\enotu\.m2\repository\io\serverlessworkflow\serverlessworkflow-spi\2.0.0.Final\serverlessworkflow-spi-2.0.0.Final.jar;C:\Users\enotu\.m2\repository\io\serverlessworkflow\serverlessworkflow-validation\2.0.0.Final\serverlessworkflow-validation-2.0.0.Final.jar;C:\Users\enotu\.m2\repository\io\serverlessworkflow\serverlessworkflow-diagram\2.0.0.Final\serverlessworkflow-diagram-2.0.0.Final.jar;C:\Users\enotu\.m2\repository\org\thymeleaf\thymeleaf\3.0.11.RELEASE\thymeleaf-3.0.11.RELEASE.jar;C:\Users\enotu\.m2\repository\ognl\ognl\3.1.12\ognl-3.1.12.jar;C:\Users\enotu\.m2\repository\org\javassist\javassist\3.20.0-GA\javassist-3.20.0-GA.jar;C:\Users\enotu\.m2\repository\org\attoparser\attoparser\2.0.5.RELEASE\attoparser-2.0.5.RELEASE.jar;C:\Users\enotu\.m2\repository\org\unbescape\unbescape\1.1.6.RELEASE\unbescape-1.1.6.RELEASE.jar;C:\Users\enotu\.m2\repository\net\sourceforge\plantuml\plantuml\8059\plantuml-8059.jar;C:\Users\enotu\.m2\repository\guru\nidi\graphviz-java\0.17.0\graphviz-java-0.17.0.jar;C:\Users\enotu\.m2\repository\org\webjars\npm\viz.js-for-graphviz-java\2.1.3\viz.js-for-graphviz-java-2.1.3.jar;C:\Users\enotu\.m2\repository\guru\nidi\com\kitfox\svgSalamander\1.1.3\svgSalamander-1.1.3.jar;C:\Users\enotu\.m2\repository\net\arnx\nashorn-promise\0.1.1\nashorn-promise-0.1.1.jar;C:\Users\enotu\.m2\repository\org\apache\commons\commons-exec\1.3\commons-exec-1.3.jar;C:\Users\enotu\.m2\repository\com\google\code\findbugs\jsr305\3.0.2\jsr305-3.0.2.jar;C:\Users\enotu\.m2\repository\org\slf4j\jul-to-slf4j\1.7.30\jul-to-slf4j-1.7.30.jar;C:\Users\enotu\.m2\repository\com\eclipsesource\j2v8\j2v8_win32_x86_64\4.6.0\j2v8_win32_x86_64-4.6.0.jar;C:\Users\enotu\.m2\repository\org\kie\kogito\process-serialization-protobuf\1.5.0.Final\process-serialization-protobuf-1.5.0.Final.jar;C:\Users\enotu\.m2\repository\com\google\protobuf\protobuf-java\3.14.0\protobuf-java-3.14.0.jar;C:\Users\enotu\.m2\repository\org\drools\drools-serialization-protobuf\7.52.0.Final\drools-serialization-protobuf-7.52.0.Final.jar;C:\Users\enotu\.m2\repository\io\quarkus\quarkus-resteasy\1.11.5.Final\quarkus-resteasy-1.11.5.Final.jar;C:\Users\enotu\.m2\repository\io\quarkus\quarkus-vertx-http\1.11.5.Final\quarkus-vertx-http-1.11.5.Final.jar;C:\Users\enotu\.m2\repository\io\quarkus\quarkus-security-runtime-spi\1.11.5.Final\quarkus-security-runtime-spi-1.11.5.Final.jar;C:\Users\enotu\.m2\repository\io\quarkus\quarkus-vertx-http-dev-console-runtime-spi\1.11.5.Final\quarkus-vertx-http-dev-console-runtime-spi-1.11.5.Final.jar;C:\Users\enotu\.m2\repository\io\quarkus\security\quarkus-security\1.1.3.Final\quarkus-security-1.1.3.Final.jar;C:\Users\enotu\.m2\repository\io\smallrye\reactive\mutiny\0.12.5\mutiny-0.12.5.jar;C:\Users\enotu\.m2\repository\io\quarkus\quarkus-vertx-core\1.11.5.Final\quarkus-vertx-core-1.11.5.Final.jar;C:\Users\enotu\.m2\repository\io\quarkus\quarkus-netty\1.11.5.Final\quarkus-netty-1.11.5.Final.jar;C:\Users\enotu\.m2\repository\io\netty\netty-codec\4.1.49.Final\netty-codec-4.1.49.Final.jar;C:\Users\enotu\.m2\repository\io\netty\netty-handler\4.1.49.Final\netty-handler-4.1.49.Final.jar;C:\Users\enotu\.m2\repository\io\vertx\vertx-core\3.9.5\vertx-core-3.9.5.jar;C:\Users\enotu\.m2\repository\io\netty\netty-common\4.1.49.Final\netty-common-4.1.49.Final.jar;C:\Users\enotu\.m2\repository\io\netty\netty-buffer\4.1.49.Final\netty-buffer-4.1.49.Final.jar;C:\Users\enotu\.m2\repository\io\netty\netty-transport\4.1.49.Final\netty-transport-4.1.49.Final.jar;C:\Users\enotu\.m2\repository\io\netty\netty-handler-proxy\4.1.49.Final\netty-handler-proxy-4.1.49.Final.jar;C:\Users\enotu\.m2\repository\io\netty\netty-codec-socks\4.1.49.Final\netty-codec-socks-4.1.49.Final.jar;C:\Users\enotu\.m2\repository\io\netty\netty-codec-http2\4.1.49.Final\netty-codec-http2-4.1.49.Final.jar;C:\Users\enotu\.m2\repository\io\netty\netty-resolver\4.1.49.Final\netty-resolver-4.1.49.Final.jar;C:\Users\enotu\.m2\repository\io\netty\netty-resolver-dns\4.1.49.Final\netty-resolver-dns-4.1.49.Final.jar;C:\Users\enotu\.m2\repository\io\netty\netty-codec-dns\4.1.49.Final\netty-codec-dns-4.1.49.Final.jar;C:\Users\enotu\.m2\repository\io\vertx\vertx-web\3.9.5\vertx-web-3.9.5.jar;C:\Users\enotu\.m2\repository\io\vertx\vertx-web-common\3.9.5\vertx-web-common-3.9.5.jar;C:\Users\enotu\.m2\repository\io\vertx\vertx-auth-common\3.9.5\vertx-auth-common-3.9.5.jar;C:\Users\enotu\.m2\repository\io\vertx\vertx-bridge-common\3.9.5\vertx-bridge-common-3.9.5.jar;C:\Users\enotu\.m2\repository\io\quarkus\quarkus-resteasy-server-common\1.11.5.Final\quarkus-resteasy-server-common-1.11.5.Final.jar;C:\Users\enotu\.m2\repository\io\quarkus\quarkus-resteasy-common\1.11.5.Final\quarkus-resteasy-common-1.11.5.Final.jar;C:\Users\enotu\.m2\repository\org\jboss\resteasy\resteasy-core\4.5.9.Final\resteasy-core-4.5.9.Final.jar;C:\Users\enotu\.m2\repository\org\jboss\spec\javax\ws\rs\jboss-jaxrs-api_2.1_spec\1.0.1.Final\jboss-jaxrs-api_2.1_spec-1.0.1.Final.jar;C:\Users\enotu\.m2\repository\org\jboss\resteasy\resteasy-core-spi\4.5.9.Final\resteasy-core-spi-4.5.9.Final.jar;C:\Users\enotu\.m2\repository\com\ibm\async\asyncutil\0.1.0\asyncutil-0.1.0.jar;C:\Users\enotu\.m2\repository\com\sun\activation\jakarta.activation\1.2.1\jakarta.activation-1.2.1.jar;C:\Users\enotu\.m2\repository\jakarta\validation\jakarta.validation-api\2.0.2\jakarta.validation-api-2.0.2.jar;C:\Users\enotu\.m2\repository\io\quarkus\quarkus-resteasy-jackson\1.11.5.Final\quarkus-resteasy-jackson-1.11.5.Final.jar;C:\Users\enotu\.m2\repository\io\quarkus\quarkus-jackson\1.11.5.Final\quarkus-jackson-1.11.5.Final.jar;C:\Users\enotu\.m2\repository\com\fasterxml\jackson\core\jackson-databind\2.11.3\jackson-databind-2.11.3.jar;C:\Users\enotu\.m2\repository\com\fasterxml\jackson\datatype\jackson-datatype-jsr310\2.11.3\jackson-datatype-jsr310-2.11.3.jar;C:\Users\enotu\.m2\repository\com\fasterxml\jackson\datatype\jackson-datatype-jdk8\2.11.3\jackson-datatype-jdk8-2.11.3.jar;C:\Users\enotu\.m2\repository\com\fasterxml\jackson\module\jackson-module-parameter-names\2.11.3\jackson-module-parameter-names-2.11.3.jar;C:\Users\enotu\.m2\repository\org\jboss\resteasy\resteasy-jackson2-provider\4.5.9.Final\resteasy-jackson2-provider-4.5.9.Final.jar;C:\Users\enotu\.m2\repository\org\jboss\resteasy\resteasy-jaxb-provider\4.5.9.Final\resteasy-jaxb-provider-4.5.9.Final.jar;C:\Users\enotu\.m2\repository\org\glassfish\jaxb\jaxb-runtime\2.3.3-b02\jaxb-runtime-2.3.3-b02.jar;C:\Users\enotu\.m2\repository\org\glassfish\jaxb\txw2\2.3.3-b02\txw2-2.3.3-b02.jar;C:\Users\enotu\.m2\repository\com\sun\istack\istack-commons-runtime\3.0.10\istack-commons-runtime-3.0.10.jar;C:\Users\enotu\.m2\repository\com\fasterxml\jackson\core\jackson-core\2.11.3\jackson-core-2.11.3.jar;C:\Users\enotu\.m2\repository\com\fasterxml\jackson\core\jackson-annotations\2.11.3\jackson-annotations-2.11.3.jar;C:\Users\enotu\.m2\repository\com\fasterxml\jackson\jaxrs\jackson-jaxrs-json-provider\2.11.3\jackson-jaxrs-json-provider-2.11.3.jar;C:\Users\enotu\.m2\repository\com\fasterxml\jackson\jaxrs\jackson-jaxrs-base\2.11.3\jackson-jaxrs-base-2.11.3.jar;C:\Users\enotu\.m2\repository\com\fasterxml\jackson\module\jackson-module-jaxb-annotations\2.11.3\jackson-module-jaxb-annotations-2.11.3.jar;C:\Users\enotu\.m2\repository\com\github\java-json-tools\json-patch\1.13\json-patch-1.13.jar;C:\Users\enotu\.m2\repository\com\github\java-json-tools\msg-simple\1.2\msg-simple-1.2.jar;C:\Users\enotu\.m2\repository\com\github\java-json-tools\btf\1.3\btf-1.3.jar;C:\Users\enotu\.m2\repository\com\github\java-json-tools\jackson-coreutils\2.0\jackson-coreutils-2.0.jar;C:\Users\enotu\.m2\repository\org\jboss\logging\jboss-logging\3.4.1.Final\jboss-logging-3.4.1.Final.jar;C:\Users\enotu\.m2\repository\org\jboss\spec\javax\xml\bind\jboss-jaxb-api_2.3_spec\2.0.0.Final\jboss-jaxb-api_2.3_spec-2.0.0.Final.jar;C:\Users\enotu\.m2\repository\io\quarkus\quarkus-smallrye-openapi\1.11.5.Final\quarkus-smallrye-openapi-1.11.5.Final.jar;C:\Users\enotu\.m2\repository\io\smallrye\smallrye-open-api-core\2.0.22\smallrye-open-api-core-2.0.22.jar;C:\Users\enotu\.m2\repository\org\eclipse\microprofile\openapi\microprofile-openapi-api\1.1.2\microprofile-openapi-api-1.1.2.jar;C:\Users\enotu\.m2\repository\org\eclipse\microprofile\config\microprofile-config-api\1.4\microprofile-config-api-1.4.jar;C:\Users\enotu\.m2\repository\com\fasterxml\jackson\dataformat\jackson-dataformat-yaml\2.11.3\jackson-dataformat-yaml-2.11.3.jar;C:\Users\enotu\.m2\repository\org\yaml\snakeyaml\1.27\snakeyaml-1.27.jar;C:\Users\enotu\.m2\repository\org\jboss\jandex\2.2.2.Final\jandex-2.2.2.Final.jar;C:\Users\enotu\.m2\repository\io\quarkus\quarkus-core\1.11.5.Final\quarkus-core-1.11.5.Final.jar;C:\Users\enotu\.m2\repository\jakarta\enterprise\jakarta.enterprise.cdi-api\2.0.2\jakarta.enterprise.cdi-api-2.0.2.jar;C:\Users\enotu\.m2\repository\jakarta\el\jakarta.el-api\3.0.3\jakarta.el-api-3.0.3.jar;C:\Users\enotu\.m2\repository\jakarta\interceptor\jakarta.interceptor-api\1.2.5\jakarta.interceptor-api-1.2.5.jar;C:\Users\enotu\.m2\repository\jakarta\inject\jakarta.inject-api\1.0\jakarta.inject-api-1.0.jar;C:\Users\enotu\.m2\repository\io\quarkus\quarkus-ide-launcher\1.11.5.Final\quarkus-ide-launcher-1.11.5.Final.jar;C:\Users\enotu\.m2\repository\io\quarkus\quarkus-development-mode-spi\1.11.5.Final\quarkus-development-mode-spi-1.11.5.Final.jar;C:\Users\enotu\.m2\repository\io\smallrye\config\smallrye-config\1.10.2\smallrye-config-1.10.2.jar;C:\Users\enotu\.m2\repository\io\smallrye\common\smallrye-common-annotation\1.5.0\smallrye-common-annotation-1.5.0.jar;C:\Users\enotu\.m2\repository\io\smallrye\config\smallrye-config-common\1.10.2\smallrye-config-common-1.10.2.jar;C:\Users\enotu\.m2\repository\io\smallrye\common\smallrye-common-expression\1.5.0\smallrye-common-expression-1.5.0.jar;C:\Users\enotu\.m2\repository\io\smallrye\common\smallrye-common-function\1.5.0\smallrye-common-function-1.5.0.jar;C:\Users\enotu\.m2\repository\io\smallrye\common\smallrye-common-constraint\1.5.0\smallrye-common-constraint-1.5.0.jar;C:\Users\enotu\.m2\repository\io\smallrye\common\smallrye-common-classloader\1.5.0\smallrye-common-classloader-1.5.0.jar;C:\Users\enotu\.m2\repository\org\jboss\logmanager\jboss-logmanager-embedded\1.0.6\jboss-logmanager-embedded-1.0.6.jar;C:\Users\enotu\.m2\repository\org\jboss\logging\jboss-logging-annotations\2.2.0.Final\jboss-logging-annotations-2.2.0.Final.jar;C:\Users\enotu\.m2\repository\org\jboss\threads\jboss-threads\3.2.0.Final\jboss-threads-3.2.0.Final.jar;C:\Users\enotu\.m2\repository\org\jboss\slf4j\slf4j-jboss-logmanager\1.1.0.Final\slf4j-jboss-logmanager-1.1.0.Final.jar;C:\Users\enotu\.m2\repository\org\graalvm\sdk\graal-sdk\20.3.1\graal-sdk-20.3.1.jar;C:\Users\enotu\.m2\repository\org\wildfly\common\wildfly-common\1.5.4.Final-format-001\wildfly-common-1.5.4.Final-format-001.jar;C:\Users\enotu\.m2\repository\io\quarkus\quarkus-bootstrap-runner\1.11.5.Final\quarkus-bootstrap-runner-1.11.5.Final.jar;C:\Users\enotu\.m2\repository\io\quarkus\quarkus-swagger-ui\1.11.5.Final\quarkus-swagger-ui-1.11.5.Final.jar;C:\Users\enotu\.m2\repository\io\quarkus\quarkus-smallrye-health\1.11.5.Final\quarkus-smallrye-health-1.11.5.Final.jar;C:\Users\enotu\.m2\repository\io\smallrye\smallrye-health\2.2.5\smallrye-health-2.2.5.jar;C:\Users\enotu\.m2\repository\org\eclipse\microprofile\health\microprofile-health-api\2.2\microprofile-health-api-2.2.jar;C:\Users\enotu\.m2\repository\io\smallrye\smallrye-health-api\2.2.5\smallrye-health-api-2.2.5.jar;C:\Users\enotu\.m2\repository\io\smallrye\smallrye-health-provided-checks\2.2.5\smallrye-health-provided-checks-2.2.5.jar;C:\Users\enotu\.m2\repository\io\quarkus\quarkus-jsonp\1.11.5.Final\quarkus-jsonp-1.11.5.Final.jar;C:\Users\enotu\.m2\repository\org\glassfish\jakarta.json\1.1.6\jakarta.json-1.1.6.jar;C:\Users\enotu\.m2\repository\io\quarkus\quarkus-arc\1.11.5.Final\quarkus-arc-1.11.5.Final.jar;C:\Users\enotu\.m2\repository\io\quarkus\arc\arc\1.11.5.Final\arc-1.11.5.Final.jar;C:\Users\enotu\.m2\repository\jakarta\transaction\jakarta.transaction-api\1.3.3\jakarta.transaction-api-1.3.3.jar;C:\Users\enotu\.m2\repository\org\eclipse\microprofile\context-propagation\microprofile-context-propagation-api\1.0.1\microprofile-context-propagation-api-1.0.1.jar;C:\Users\enotu\.m2\repository\io\quarkus\quarkus-junit5\1.11.5.Final\quarkus-junit5-1.11.5.Final.jar;C:\Users\enotu\.m2\repository\io\quarkus\quarkus-bootstrap-core\1.11.5.Final\quarkus-bootstrap-core-1.11.5.Final.jar;C:\Users\enotu\.m2\repository\io\quarkus\quarkus-bootstrap-app-model\1.11.5.Final\quarkus-bootstrap-app-model-1.11.5.Final.jar;C:\Users\enotu\.m2\repository\io\quarkus\quarkus-bootstrap-maven-resolver\1.11.5.Final\quarkus-bootstrap-maven-resolver-1.11.5.Final.jar;C:\Users\enotu\.m2\repository\org\apache\maven\maven-embedder\3.6.3\maven-embedder-3.6.3.jar;C:\Users\enotu\.m2\repository\org\apache\maven\maven-settings\3.6.3\maven-settings-3.6.3.jar;C:\Users\enotu\.m2\repository\org\apache\maven\maven-core\3.6.2\maven-core-3.6.2.jar;C:\Users\enotu\.m2\repository\org\apache\maven\maven-artifact\3.6.2\maven-artifact-3.6.2.jar;C:\Users\enotu\.m2\repository\org\codehaus\plexus\plexus-component-annotations\1.6\plexus-component-annotations-1.6.jar;C:\Users\enotu\.m2\repository\org\apache\maven\maven-plugin-api\3.6.2\maven-plugin-api-3.6.2.jar;C:\Users\enotu\.m2\repository\org\apache\maven\maven-model\3.6.3\maven-model-3.6.3.jar;C:\Users\enotu\.m2\repository\org\apache\maven\maven-model-builder\3.6.3\maven-model-builder-3.6.3.jar;C:\Users\enotu\.m2\repository\org\apache\maven\maven-builder-support\3.6.3\maven-builder-support-3.6.3.jar;C:\Users\enotu\.m2\repository\org\apache\maven\resolver\maven-resolver-api\1.4.1\maven-resolver-api-1.4.1.jar;C:\Users\enotu\.m2\repository\org\apache\maven\resolver\maven-resolver-util\1.4.1\maven-resolver-util-1.4.1.jar;C:\Users\enotu\.m2\repository\org\apache\maven\shared\maven-shared-utils\3.2.1\maven-shared-utils-3.2.1.jar;C:\Users\enotu\.m2\repository\commons-io\commons-io\2.8.0\commons-io-2.8.0.jar;C:\Users\enotu\.m2\repository\com\google\inject\guice\4.2.1\guice-4.2.1-no_aop.jar;C:\Users\enotu\.m2\repository\com\google\guava\guava\30.1-jre\guava-30.1-jre.jar;C:\Users\enotu\.m2\repository\com\google\guava\failureaccess\1.0.1\failureaccess-1.0.1.jar;C:\Users\enotu\.m2\repository\com\google\guava\listenablefuture\9999.0-empty-to-avoid-conflict-with-guava\listenablefuture-9999.0-empty-to-avoid-conflict-with-guava.jar;C:\Users\enotu\.m2\repository\org\codehaus\plexus\plexus-utils\3.2.1\plexus-utils-3.2.1.jar;C:\Users\enotu\.m2\repository\org\codehaus\plexus\plexus-classworlds\2.5.2\plexus-classworlds-2.5.2.jar;C:\Users\enotu\.m2\repository\commons-cli\commons-cli\1.4\commons-cli-1.4.jar;C:\Users\enotu\.m2\repository\org\eclipse\sisu\org.eclipse.sisu.plexus\0.3.4\org.eclipse.sisu.plexus-0.3.4.jar;C:\Users\enotu\.m2\repository\org\apache\maven\maven-settings-builder\3.6.3\maven-settings-builder-3.6.3.jar;C:\Users\enotu\.m2\repository\org\codehaus\plexus\plexus-interpolation\1.25\plexus-interpolation-1.25.jar;C:\Users\enotu\.m2\repository\org\sonatype\plexus\plexus-sec-dispatcher\1.4\plexus-sec-dispatcher-1.4.jar;C:\Users\enotu\.m2\repository\org\sonatype\plexus\plexus-cipher\1.4\plexus-cipher-1.4.jar;C:\Users\enotu\.m2\repository\org\apache\maven\maven-resolver-provider\3.6.3\maven-resolver-provider-3.6.3.jar;C:\Users\enotu\.m2\repository\org\apache\maven\maven-repository-metadata\3.6.3\maven-repository-metadata-3.6.3.jar;C:\Users\enotu\.m2\repository\org\apache\maven\resolver\maven-resolver-spi\1.4.1\maven-resolver-spi-1.4.1.jar;C:\Users\enotu\.m2\repository\org\apache\maven\resolver\maven-resolver-impl\1.4.1\maven-resolver-impl-1.4.1.jar;C:\Users\enotu\.m2\repository\org\apache\maven\resolver\maven-resolver-connector-basic\1.4.1\maven-resolver-connector-basic-1.4.1.jar;C:\Users\enotu\.m2\repository\org\apache\maven\resolver\maven-resolver-transport-wagon\1.4.1\maven-resolver-transport-wagon-1.4.1.jar;C:\Users\enotu\.m2\repository\org\apache\maven\wagon\wagon-http\3.3.4\wagon-http-3.3.4.jar;C:\Users\enotu\.m2\repository\org\apache\maven\wagon\wagon-http-shared\3.3.4\wagon-http-shared-3.3.4.jar;C:\Users\enotu\.m2\repository\org\jsoup\jsoup\1.12.1\jsoup-1.12.1.jar;C:\Users\enotu\.m2\repository\org\apache\maven\wagon\wagon-provider-api\3.3.4\wagon-provider-api-3.3.4.jar;C:\Users\enotu\.m2\repository\org\apache\maven\wagon\wagon-file\3.3.4\wagon-file-3.3.4.jar;C:\Users\enotu\.m2\repository\io\quarkus\quarkus-bootstrap-gradle-resolver\1.11.5.Final\quarkus-bootstrap-gradle-resolver-1.11.5.Final.jar;C:\Users\enotu\.m2\repository\io\smallrye\common\smallrye-common-io\1.5.0\smallrye-common-io-1.5.0.jar;C:\Users\enotu\.m2\repository\org\eclipse\sisu\org.eclipse.sisu.inject\0.3.4\org.eclipse.sisu.inject-0.3.4.jar;C:\Users\enotu\.m2\repository\io\quarkus\quarkus-test-common\1.11.5.Final\quarkus-test-common-1.11.5.Final.jar;C:\Users\enotu\.m2\repository\io\quarkus\quarkus-core-deployment\1.11.5.Final\quarkus-core-deployment-1.11.5.Final.jar;C:\Users\enotu\.m2\repository\org\ow2\asm\asm\9.0\asm-9.0.jar;C:\Users\enotu\.m2\repository\io\quarkus\quarkus-class-change-agent\1.11.5.Final\quarkus-class-change-agent-1.11.5.Final.jar;C:\Users\enotu\.m2\repository\io\quarkus\quarkus-devtools-utilities\1.11.5.Final\quarkus-devtools-utilities-1.11.5.Final.jar;C:\Users\enotu\.m2\repository\io\quarkus\quarkus-builder\1.11.5.Final\quarkus-builder-1.11.5.Final.jar;C:\Users\enotu\.m2\repository\io\quarkus\quarkus-jsonp-deployment\1.11.5.Final\quarkus-jsonp-deployment-1.11.5.Final.jar;C:\Users\enotu\.m2\repository\org\jboss\logging\commons-logging-jboss-logging\1.0.0.Final\commons-logging-jboss-logging-1.0.0.Final.jar;C:\Users\enotu\.m2\repository\org\junit\jupiter\junit-jupiter\5.7.0\junit-jupiter-5.7.0.jar;C:\Users\enotu\.m2\repository\org\junit\jupiter\junit-jupiter-api\5.7.0\junit-jupiter-api-5.7.0.jar;C:\Users\enotu\.m2\repository\org\opentest4j\opentest4j\1.2.0\opentest4j-1.2.0.jar;C:\Users\enotu\.m2\repository\org\junit\platform\junit-platform-commons\1.7.0\junit-platform-commons-1.7.0.jar;C:\Users\enotu\.m2\repository\org\junit\jupiter\junit-jupiter-params\5.7.0\junit-jupiter-params-5.7.0.jar;C:\Users\enotu\.m2\repository\org\junit\jupiter\junit-jupiter-engine\5.7.0\junit-jupiter-engine-5.7.0.jar;C:\Users\enotu\.m2\repository\com\thoughtworks\xstream\xstream\1.4.14\xstream-1.4.14.jar;C:\Users\enotu\.m2\repository\xmlpull\xmlpull\1.1.3.1\xmlpull-1.1.3.1.jar;C:\Users\enotu\.m2\repository\xpp3\xpp3_min\1.1.4c\xpp3_min-1.1.4c.jar;C:\Users\enotu\.m2\repository\io\rest-assured\rest-assured\4.3.0\rest-assured-4.3.0.jar;C:\Users\enotu\.m2\repository\org\codehaus\groovy\groovy\3.0.2\groovy-3.0.2.jar;C:\Users\enotu\.m2\repository\org\codehaus\groovy\groovy-xml\3.0.2\groovy-xml-3.0.2.jar;C:\Users\enotu\.m2\repository\org\apache\httpcomponents\httpclient\4.5.13\httpclient-4.5.13.jar;C:\Users\enotu\.m2\repository\org\apache\httpcomponents\httpcore\4.4.14\httpcore-4.4.14.jar;C:\Users\enotu\.m2\repository\commons-codec\commons-codec\1.14\commons-codec-1.14.jar;C:\Users\enotu\.m2\repository\org\apache\httpcomponents\httpmime\4.5.13\httpmime-4.5.13.jar;C:\Users\enotu\.m2\repository\org\hamcrest\hamcrest\2.1\hamcrest-2.1.jar;C:\Users\enotu\.m2\repository\org\ccil\cowan\tagsoup\tagsoup\1.2.1\tagsoup-1.2.1.jar;C:\Users\enotu\.m2\repository\io\rest-assured\json-path\4.3.0\json-path-4.3.0.jar;C:\Users\enotu\.m2\repository\org\codehaus\groovy\groovy-json\3.0.2\groovy-json-3.0.2.jar;C:\Users\enotu\.m2\repository\io\rest-assured\rest-assured-common\4.3.0\rest-assured-common-4.3.0.jar;C:\Users\enotu\.m2\repository\io\rest-assured\xml-path\4.3.0\xml-path-4.3.0.jar;C:\Users\enotu\.m2\repository\org\apache\commons\commons-lang3\3.8.1\commons-lang3-3.8.1.jar;C:\Users\enotu\.m2\repository\jakarta\xml\bind\jakarta.xml.bind-api\2.3.3\jakarta.xml.bind-api-2.3.3.jar;C:\Users\enotu\.m2\repository\jakarta\activation\jakarta.activation-api\1.2.1\jakarta.activation-api-1.2.1.jar;C:\Users\enotu\.m2\repository\com\sun\xml\bind\jaxb-osgi\2.3.0.1\jaxb-osgi-2.3.0.1.jar;C:\Users\enotu\.m2\repository\org\apache\sling\org.apache.sling.javax.activation\0.1.0\org.apache.sling.javax.activation-0.1.0.jar;C:\Users\enotu\.m2\repository\javax\activation\activation\1.1.1\activation-1.1.1.jar;C:\Users\enotu\.m2\repository\org\kie\kogito\kogito-scenario-simulation\1.5.0.Final\kogito-scenario-simulation-1.5.0.Final.jar;C:\Users\enotu\.m2\repository\org\kie\kogito\kogito-dmn\1.5.0.Final\kogito-dmn-1.5.0.Final.jar;C:\Users\enotu\.m2\repository\org\kie\kie-dmn-core\7.52.0.Final\kie-dmn-core-7.52.0.Final.jar;C:\Users\enotu\.m2\repository\org\kie\kie-dmn-model\7.52.0.Final\kie-dmn-model-7.52.0.Final.jar;C:\Users\enotu\.m2\repository\org\kie\kie-dmn-backend\7.52.0.Final\kie-dmn-backend-7.52.0.Final.jar;C:\Users\enotu\.m2\repository\org\kie\kie-dmn-feel\7.52.0.Final\kie-dmn-feel-7.52.0.Final.jar;C:\Users\enotu\.m2\repository\ch\obermuhlner\big-math\2.0.1\big-math-2.0.1.jar;C:\Users\enotu\.m2\repository\org\kie\kie-memory-compiler\7.52.0.Final\kie-memory-compiler-7.52.0.Final.jar;C:\Users\enotu\.m2\repository\org\drools\drools-alphanetwork-compiler\7.52.0.Final\drools-alphanetwork-compiler-7.52.0.Final.jar;C:\Users\enotu\.m2\repository\org\antlr\antlr4-runtime\4.8\antlr4-runtime-4.8.jar;C:\Users\enotu\.m2\repository\org\jpmml\pmml-model\1.5.1\pmml-model-1.5.1.jar;C:\Users\enotu\.m2\repository\org\jpmml\pmml-agent\1.5.1\pmml-agent-1.5.1.jar;C:\Users\enotu\.m2\repository\org\kie\kie-dmn-validation\7.52.0.Final\kie-dmn-validation-7.52.0.Final.jar;C:\Users\enotu\.m2\repository\org\kie\kogito\kogito-pmml\1.5.0.Final\kogito-pmml-1.5.0.Final.jar;C:\Users\enotu\.m2\repository\org\kie\kie-pmml-dependencies\7.52.0.Final\kie-pmml-dependencies-7.52.0.Final.jar;C:\Users\enotu\.m2\repository\org\kie\kie-pmml-api\7.52.0.Final\kie-pmml-api-7.52.0.Final.jar;C:\Users\enotu\.m2\repository\org\apache\commons\commons-math3\3.4.1\commons-math3-3.4.1.jar;C:\Users\enotu\.m2\repository\org\kie\kie-pmml-compiler-api\7.52.0.Final\kie-pmml-compiler-api-7.52.0.Final.jar;C:\Users\enotu\.m2\repository\org\kie\kie-pmml-compiler-core\7.52.0.Final\kie-pmml-compiler-core-7.52.0.Final.jar;C:\Users\enotu\.m2\repository\org\kie\kie-pmml-compiler-commons\7.52.0.Final\kie-pmml-compiler-commons-7.52.0.Final.jar;C:\Users\enotu\.m2\repository\org\kie\kie-pmml-evaluator-core\7.52.0.Final\kie-pmml-evaluator-core-7.52.0.Final.jar;C:\Users\enotu\.m2\repository\org\kie\kie-pmml-evaluator-assembler\7.52.0.Final\kie-pmml-evaluator-assembler-7.52.0.Final.jar;C:\Users\enotu\.m2\repository\org\kie\kie-pmml-kie-internal\7.52.0.Final\kie-pmml-kie-internal-7.52.0.Final.jar;C:\Users\enotu\.m2\repository\org\kie\kie-pmml-models-drools-common\7.52.0.Final\kie-pmml-models-drools-common-7.52.0.Final.jar;C:\Users\enotu\.m2\repository\org\kie\kie-pmml-models-regression-model\7.52.0.Final\kie-pmml-models-regression-model-7.52.0.Final.jar;C:\Users\enotu\.m2\repository\org\kie\kie-pmml-models-regression-compiler\7.52.0.Final\kie-pmml-models-regression-compiler-7.52.0.Final.jar;C:\Users\enotu\.m2\repository\org\kie\kie-pmml-models-regression-evaluator\7.52.0.Final\kie-pmml-models-regression-evaluator-7.52.0.Final.jar;C:\Users\enotu\.m2\repository\org\kie\kie-pmml-models-drools-tree-model\7.52.0.Final\kie-pmml-models-drools-tree-model-7.52.0.Final.jar;C:\Users\enotu\.m2\repository\org\kie\kie-pmml-models-drools-tree-compiler\7.52.0.Final\kie-pmml-models-drools-tree-compiler-7.52.0.Final.jar;C:\Users\enotu\.m2\repository\org\kie\kie-pmml-models-drools-tree-evaluator\7.52.0.Final\kie-pmml-models-drools-tree-evaluator-7.52.0.Final.jar;C:\Users\enotu\.m2\repository\org\kie\kie-pmml-compiler-api\7.52.0.Final\kie-pmml-compiler-api-7.52.0.Final-tests.jar;C:\Users\enotu\.m2\repository\org\kie\kie-pmml-models-drools-scorecard-model\7.52.0.Final\kie-pmml-models-drools-scorecard-model-7.52.0.Final.jar;C:\Users\enotu\.m2\repository\org\kie\kie-pmml-models-drools-scorecard-compiler\7.52.0.Final\kie-pmml-models-drools-scorecard-compiler-7.52.0.Final.jar;C:\Users\enotu\.m2\repository\org\kie\kie-pmml-models-drools-scorecard-evaluator\7.52.0.Final\kie-pmml-models-drools-scorecard-evaluator-7.52.0.Final.jar;C:\Users\enotu\.m2\repository\org\kie\kie-pmml-models-mining-model\7.52.0.Final\kie-pmml-models-mining-model-7.52.0.Final.jar;C:\Users\enotu\.m2\repository\org\kie\kie-pmml-models-mining-compiler\7.52.0.Final\kie-pmml-models-mining-compiler-7.52.0.Final.jar;C:\Users\enotu\.m2\repository\org\kie\kie-pmml-models-mining-evaluator\7.52.0.Final\kie-pmml-models-mining-evaluator-7.52.0.Final.jar;C:\Users\enotu\.m2\repository\org\kie\kogito\kogito-drools\1.5.0.Final\kogito-drools-1.5.0.Final.jar;C:\Users\enotu\.m2\repository\org\kie\kogito\kogito-ruleunits\1.5.0.Final\kogito-ruleunits-1.5.0.Final.jar;C:\Users\enotu\.m2\repository\org\kie\kogito\kogito-drools-model\1.5.0.Final\kogito-drools-model-1.5.0.Final.jar;C:\Users\enotu\.m2\repository\org\drools\drools-model-compiler\7.52.0.Final\drools-model-compiler-7.52.0.Final.jar;C:\Users\enotu\.m2\repository\org\drools\drools-canonical-model\7.52.0.Final\drools-canonical-model-7.52.0.Final.jar;C:\Users\enotu\.m2\repository\org\drools\drools-mvel-parser\7.52.0.Final\drools-mvel-parser-7.52.0.Final.jar;C:\Users\enotu\.m2\repository\org\drools\drools-mvel-compiler\7.52.0.Final\drools-mvel-compiler-7.52.0.Final.jar;C:\Users\enotu\.m2\repository\org\kie\kogito\drools-core-dynamic\1.5.0.Final\drools-core-dynamic-1.5.0.Final.jar;C:\Users\enotu\.m2\repository\org\drools\drools-core-dynamic\7.52.0.Final\drools-core-dynamic-7.52.0.Final.jar;C:\Users\enotu\.m2\repository\org\drools\drools-core-reflective\7.52.0.Final\drools-core-reflective-7.52.0.Final.jar;C:\Users\enotu\.m2\repository\org\junit\vintage\junit-vintage-engine\5.7.0\junit-vintage-engine-5.7.0.jar;C:\Users\enotu\.m2\repository\org\apiguardian\apiguardian-api\1.1.0\apiguardian-api-1.1.0.jar;C:\Users\enotu\.m2\repository\org\junit\platform\junit-platform-engine\1.7.0\junit-platform-engine-1.7.0.jar;C:\Users\enotu\.m2\repository\junit\junit\4.12\junit-4.12.jar;C:\Users\enotu\.m2\repository\org\hamcrest\hamcrest-core\1.3\hamcrest-core-1.3.jar;C:\Users\enotu\.m2\repository\org\drools\drools-scenario-simulation-api\7.52.0.Final\drools-scenario-simulation-api-7.52.0.Final.jar;C:\Users\enotu\.m2\repository\org\drools\drools-scenario-simulation-backend\7.52.0.Final\drools-scenario-simulation-backend-7.52.0.Final.jar;C:\Users\enotu\.m2\repository\org\kie\kie-api\7.52.0.Final\kie-api-7.52.0.Final.jar;C:\Users\enotu\.m2\repository\org\kie\soup\kie-soup-maven-support\7.52.0.Final\kie-soup-maven-support-7.52.0.Final.jar;C:\Users\enotu\.m2\repository\org\kie\kie-internal\7.52.0.Final\kie-internal-7.52.0.Final.jar;"/>
    <property name="sun.cpu.endian" value="little"/>
    <property name="user.home" value="C:\Users\enotu"/>
    <property name="user.language" value="en"/>
    <property name="java.specification.vendor" value="Oracle Corporation"/>
    <property name="java.version.date" value="2019-10-15"/>
    <property name="java.home" value="C:\Program Files\Java\jdk-11.0.5"/>
    <property name="file.separator" value="\"/>
    <property name="basedir" value="G:\PetProjects\MUD\mud-command-tokenizer"/>
    <property name="java.vm.compressedOopsMode" value="Zero based"/>
    <property name="line.separator" value="&#10;"/>
    <property name="java.specification.name" value="Java Platform API Specification"/>
    <property name="java.vm.specification.vendor" value="Oracle Corporation"/>
    <property name="java.awt.graphicsenv" value="sun.awt.Win32GraphicsEnvironment"/>
    <property name="surefire.real.class.path" value="C:\Users\enotu\AppData\Local\Temp\surefire533175967231241519\surefirebooter15004194459637969087.jar"/>
    <property name="user.script" value=""/>
    <property name="sun.management.compiler" value="HotSpot 64-Bit Tiered Compilers"/>
    <property name="java.runtime.version" value="11.0.5+10-LTS"/>
    <property name="user.name" value="enotu"/>
    <property name="path.separator" value=";"/>
    <property name="os.version" value="10.0"/>
    <property name="java.runtime.name" value="Java(TM) SE Runtime Environment"/>
    <property name="file.encoding" value="Cp1252"/>
    <property name="java.vm.name" value="Java HotSpot(TM) 64-Bit Server VM"/>
    <property name="java.vendor.version" value="18.9"/>
    <property name="localRepository" value="C:\Users\enotu\.m2\repository"/>
    <property name="java.vendor.url.bug" value="http://bugreport.java.com/bugreport/"/>
    <property name="java.io.tmpdir" value="C:\Users\enotu\AppData\Local\Temp\"/>
    <property name="java.version" value="11.0.5"/>
    <property name="user.dir" value="G:\PetProjects\MUD\mud-command-tokenizer"/>
    <property name="os.arch" value="amd64"/>
    <property name="java.vm.specification.name" value="Java Virtual Machine Specification"/>
    <property name="java.awt.printerjob" value="sun.awt.windows.WPrinterJob"/>
    <property name="sun.os.patch.level" value=""/>
    <property name="java.util.logging.manager" value="org.jboss.logmanager.LogManager"/>
    <property name="java.library.path" value="C:\Program Files\Java\jdk-11.0.5\bin;C:\WINDOWS\Sun\Java\bin;C:\WINDOWS\system32;C:\WINDOWS;C:\Program Files\Common Files\Oracle\Java\javapath;C:\Program Files (x86)\VMware\VMware Player\bin\;C:\Program Files\NVIDIA GPU Computing Toolkit\CUDA\v11.0\bin;C:\Program Files\NVIDIA GPU Computing Toolkit\CUDA\v11.0\libnvvp;C:\Windows\system32;C:\Windows;C:\Windows\System32\Wbem;C:\Windows\System32\WindowsPowerShell\v1.0\;C:\Windows\System32\OpenSSH\;C:\Program Files\Java\jdk-11.0.5\bin;C:\Users\Public\Maven\apache-maven-3.6.3\bin;C:\Program Files\Git\cmd;C:\Program Files\NVIDIA Corporation\NVIDIA NvDLISR;C:\Program Files (x86)\NVIDIA Corporation\PhysX\Common;C:\Users\Rikkola\Work\Tools\minishift-1.34.2-windows-amd64;C:\Users\Rikkola\AppData\Local\Programs\Python\Python38-32;C:\Users\Rikkola\AppData\Local\Programs\Python\Python38-32\Scripts;C:\Program Files (x86)\Yarn\bin\;C:\Program Files\nodejs\;C:\Program Files (x86)\Calibre2\;C:\Program Files\NVIDIA Corporation\Nsight Compute 2020.1.0\;C:\Program Files\dotnet\;C:\Program Files\PuTTY\;G:\Tools\gradle-6.8.3\bin;;C:\WINDOWS\system32;C:\WINDOWS;C:\WINDOWS\System32\Wbem;C:\WINDOWS\System32\WindowsPowerShell\v1.0\;C:\WINDOWS\System32\OpenSSH\;C:\Program Files\Docker\Docker\resources\bin;C:\ProgramData\DockerDesktop\version-bin;C:\Users\enotu\AppData\Local\Microsoft\WindowsApps;;G:\Users\enotu\AppData\Local\Programs\Microsoft VS Code\bin;."/>
    <property name="java.vendor" value="Oracle Corporation"/>
    <property name="java.vm.info" value="mixed mode"/>
    <property name="java.vm.version" value="11.0.5+10-LTS"/>
    <property name="sun.io.unicode.encoding" value="UnicodeLittle"/>
    <property name="java.class.version" value="55.0"/>
  </properties>
  <testcase name="org.eno.tokenizer.KogitoScenarioJunitActivatorTest" classname="org.eno.tokenizer.KogitoScenarioJunitActivatorTest" time="0.001"/>
</testsuite>